{"/home/aneuwald/Learning/CursoFullCycle/DDD/app/src/domain/entity/address.ts": {"path":"/home/aneuwald/Learning/CursoFullCycle/DDD/app/src/domain/entity/address.ts","all":false,"statementMap":{"0":{"start":{"line":1,"column":0},"end":{"line":1,"column":30}},"1":{"start":{"line":2,"column":0},"end":{"line":2,"column":0}},"2":{"start":{"line":3,"column":0},"end":{"line":3,"column":17}},"3":{"start":{"line":4,"column":0},"end":{"line":4,"column":17}},"4":{"start":{"line":5,"column":0},"end":{"line":5,"column":21}},"5":{"start":{"line":6,"column":0},"end":{"line":6,"column":15}},"6":{"start":{"line":7,"column":0},"end":{"line":7,"column":0}},"7":{"start":{"line":8,"column":0},"end":{"line":8,"column":80}},"8":{"start":{"line":9,"column":0},"end":{"line":9,"column":24}},"9":{"start":{"line":10,"column":0},"end":{"line":10,"column":24}},"10":{"start":{"line":11,"column":0},"end":{"line":11,"column":32}},"11":{"start":{"line":12,"column":0},"end":{"line":12,"column":20}},"12":{"start":{"line":13,"column":0},"end":{"line":13,"column":0}},"13":{"start":{"line":14,"column":0},"end":{"line":14,"column":18}},"14":{"start":{"line":15,"column":0},"end":{"line":15,"column":2}},"15":{"start":{"line":16,"column":0},"end":{"line":16,"column":0}},"16":{"start":{"line":17,"column":0},"end":{"line":17,"column":21}},"17":{"start":{"line":18,"column":0},"end":{"line":18,"column":32}},"18":{"start":{"line":19,"column":0},"end":{"line":19,"column":64}},"19":{"start":{"line":20,"column":0},"end":{"line":20,"column":3}},"20":{"start":{"line":21,"column":0},"end":{"line":21,"column":25}},"21":{"start":{"line":22,"column":0},"end":{"line":22,"column":52}},"22":{"start":{"line":23,"column":0},"end":{"line":23,"column":3}},"23":{"start":{"line":24,"column":0},"end":{"line":24,"column":36}},"24":{"start":{"line":25,"column":0},"end":{"line":25,"column":69}},"25":{"start":{"line":26,"column":0},"end":{"line":26,"column":3}},"26":{"start":{"line":27,"column":0},"end":{"line":27,"column":30}},"27":{"start":{"line":28,"column":0},"end":{"line":28,"column":62}},"28":{"start":{"line":29,"column":0},"end":{"line":29,"column":3}},"29":{"start":{"line":30,"column":0},"end":{"line":30,"column":2}},"30":{"start":{"line":31,"column":0},"end":{"line":31,"column":0}},"31":{"start":{"line":32,"column":0},"end":{"line":32,"column":23}},"32":{"start":{"line":33,"column":0},"end":{"line":33,"column":22}},"33":{"start":{"line":34,"column":0},"end":{"line":34,"column":2}},"34":{"start":{"line":35,"column":0},"end":{"line":35,"column":0}},"35":{"start":{"line":36,"column":0},"end":{"line":36,"column":23}},"36":{"start":{"line":37,"column":0},"end":{"line":37,"column":22}},"37":{"start":{"line":38,"column":0},"end":{"line":38,"column":2}},"38":{"start":{"line":39,"column":0},"end":{"line":39,"column":0}},"39":{"start":{"line":40,"column":0},"end":{"line":40,"column":27}},"40":{"start":{"line":41,"column":0},"end":{"line":41,"column":26}},"41":{"start":{"line":42,"column":0},"end":{"line":42,"column":2}},"42":{"start":{"line":43,"column":0},"end":{"line":43,"column":0}},"43":{"start":{"line":44,"column":0},"end":{"line":44,"column":21}},"44":{"start":{"line":45,"column":0},"end":{"line":45,"column":20}},"45":{"start":{"line":46,"column":0},"end":{"line":46,"column":2}},"46":{"start":{"line":47,"column":0},"end":{"line":47,"column":0}},"47":{"start":{"line":48,"column":0},"end":{"line":48,"column":1}}},"s":{"0":1,"1":24,"2":24,"3":24,"4":24,"5":24,"6":24,"7":24,"8":24,"9":24,"10":24,"11":24,"12":24,"13":24,"14":24,"15":24,"16":24,"17":24,"18":1,"19":1,"20":24,"21":1,"22":1,"23":24,"24":1,"25":1,"26":24,"27":1,"28":1,"29":24,"30":24,"31":24,"32":15,"33":15,"34":24,"35":24,"36":15,"37":15,"38":24,"39":24,"40":15,"41":15,"42":24,"43":24,"44":15,"45":15,"46":24,"47":24},"branchMap":{"0":{"type":"branch","line":1,"loc":{"start":{"line":1,"column":15},"end":{"line":48,"column":1}},"locations":[{"start":{"line":1,"column":15},"end":{"line":48,"column":1}}]},"1":{"type":"branch","line":8,"loc":{"start":{"line":8,"column":1},"end":{"line":15,"column":2}},"locations":[{"start":{"line":8,"column":1},"end":{"line":15,"column":2}}]},"2":{"type":"branch","line":17,"loc":{"start":{"line":17,"column":9},"end":{"line":30,"column":2}},"locations":[{"start":{"line":17,"column":9},"end":{"line":30,"column":2}}]},"3":{"type":"branch","line":18,"loc":{"start":{"line":18,"column":31},"end":{"line":20,"column":3}},"locations":[{"start":{"line":18,"column":31},"end":{"line":20,"column":3}}]},"4":{"type":"branch","line":20,"loc":{"start":{"line":20,"column":2},"end":{"line":21,"column":24}},"locations":[{"start":{"line":20,"column":2},"end":{"line":21,"column":24}}]},"5":{"type":"branch","line":21,"loc":{"start":{"line":21,"column":24},"end":{"line":23,"column":3}},"locations":[{"start":{"line":21,"column":24},"end":{"line":23,"column":3}}]},"6":{"type":"branch","line":23,"loc":{"start":{"line":23,"column":2},"end":{"line":24,"column":35}},"locations":[{"start":{"line":23,"column":2},"end":{"line":24,"column":35}}]},"7":{"type":"branch","line":24,"loc":{"start":{"line":24,"column":35},"end":{"line":26,"column":3}},"locations":[{"start":{"line":24,"column":35},"end":{"line":26,"column":3}}]},"8":{"type":"branch","line":26,"loc":{"start":{"line":26,"column":2},"end":{"line":27,"column":29}},"locations":[{"start":{"line":26,"column":2},"end":{"line":27,"column":29}}]},"9":{"type":"branch","line":27,"loc":{"start":{"line":27,"column":29},"end":{"line":29,"column":3}},"locations":[{"start":{"line":27,"column":29},"end":{"line":29,"column":3}}]},"10":{"type":"branch","line":32,"loc":{"start":{"line":32,"column":1},"end":{"line":34,"column":2}},"locations":[{"start":{"line":32,"column":1},"end":{"line":34,"column":2}}]},"11":{"type":"branch","line":36,"loc":{"start":{"line":36,"column":1},"end":{"line":38,"column":2}},"locations":[{"start":{"line":36,"column":1},"end":{"line":38,"column":2}}]},"12":{"type":"branch","line":40,"loc":{"start":{"line":40,"column":1},"end":{"line":42,"column":2}},"locations":[{"start":{"line":40,"column":1},"end":{"line":42,"column":2}}]},"13":{"type":"branch","line":44,"loc":{"start":{"line":44,"column":1},"end":{"line":46,"column":2}},"locations":[{"start":{"line":44,"column":1},"end":{"line":46,"column":2}}]}},"b":{"0":[24],"1":[24],"2":[24],"3":[1],"4":[23],"5":[1],"6":[22],"7":[1],"8":[21],"9":[1],"10":[15],"11":[15],"12":[15],"13":[15]},"fnMap":{"0":{"name":"<instance_members_initializer>","decl":{"start":{"line":1,"column":15},"end":{"line":48,"column":1}},"loc":{"start":{"line":1,"column":15},"end":{"line":48,"column":1}},"line":1},"1":{"name":"Address","decl":{"start":{"line":8,"column":1},"end":{"line":15,"column":2}},"loc":{"start":{"line":8,"column":1},"end":{"line":15,"column":2}},"line":8},"2":{"name":"validate","decl":{"start":{"line":17,"column":9},"end":{"line":30,"column":2}},"loc":{"start":{"line":17,"column":9},"end":{"line":30,"column":2}},"line":17},"3":{"name":"get street","decl":{"start":{"line":32,"column":1},"end":{"line":34,"column":2}},"loc":{"start":{"line":32,"column":1},"end":{"line":34,"column":2}},"line":32},"4":{"name":"get number","decl":{"start":{"line":36,"column":1},"end":{"line":38,"column":2}},"loc":{"start":{"line":36,"column":1},"end":{"line":38,"column":2}},"line":36},"5":{"name":"get postalCode","decl":{"start":{"line":40,"column":1},"end":{"line":42,"column":2}},"loc":{"start":{"line":40,"column":1},"end":{"line":42,"column":2}},"line":40},"6":{"name":"get city","decl":{"start":{"line":44,"column":1},"end":{"line":46,"column":2}},"loc":{"start":{"line":44,"column":1},"end":{"line":46,"column":2}},"line":44}},"f":{"0":24,"1":24,"2":24,"3":15,"4":15,"5":15,"6":15}}
,"/home/aneuwald/Learning/CursoFullCycle/DDD/app/src/domain/entity/customer.ts": {"path":"/home/aneuwald/Learning/CursoFullCycle/DDD/app/src/domain/entity/customer.ts","all":false,"statementMap":{"0":{"start":{"line":1,"column":0},"end":{"line":1,"column":32}},"1":{"start":{"line":2,"column":0},"end":{"line":2,"column":0}},"2":{"start":{"line":3,"column":0},"end":{"line":3,"column":31}},"3":{"start":{"line":4,"column":0},"end":{"line":4,"column":21}},"4":{"start":{"line":5,"column":0},"end":{"line":5,"column":28}},"5":{"start":{"line":6,"column":0},"end":{"line":6,"column":28}},"6":{"start":{"line":7,"column":0},"end":{"line":7,"column":34}},"7":{"start":{"line":8,"column":0},"end":{"line":8,"column":35}},"8":{"start":{"line":9,"column":0},"end":{"line":9,"column":0}},"9":{"start":{"line":10,"column":0},"end":{"line":10,"column":40}},"10":{"start":{"line":11,"column":0},"end":{"line":11,"column":16}},"11":{"start":{"line":12,"column":0},"end":{"line":12,"column":20}},"12":{"start":{"line":13,"column":0},"end":{"line":13,"column":18}},"13":{"start":{"line":14,"column":0},"end":{"line":14,"column":2}},"14":{"start":{"line":15,"column":0},"end":{"line":15,"column":0}},"15":{"start":{"line":16,"column":0},"end":{"line":16,"column":21}},"16":{"start":{"line":17,"column":0},"end":{"line":17,"column":28}},"17":{"start":{"line":18,"column":0},"end":{"line":18,"column":60}},"18":{"start":{"line":19,"column":0},"end":{"line":19,"column":3}},"19":{"start":{"line":20,"column":0},"end":{"line":20,"column":30}},"20":{"start":{"line":21,"column":0},"end":{"line":21,"column":62}},"21":{"start":{"line":22,"column":0},"end":{"line":22,"column":3}},"22":{"start":{"line":23,"column":0},"end":{"line":23,"column":2}},"23":{"start":{"line":24,"column":0},"end":{"line":24,"column":0}},"24":{"start":{"line":25,"column":0},"end":{"line":25,"column":37}},"25":{"start":{"line":26,"column":0},"end":{"line":26,"column":23}},"26":{"start":{"line":27,"column":0},"end":{"line":27,"column":18}},"27":{"start":{"line":28,"column":0},"end":{"line":28,"column":2}},"28":{"start":{"line":29,"column":0},"end":{"line":29,"column":0}},"29":{"start":{"line":30,"column":0},"end":{"line":30,"column":38}},"30":{"start":{"line":31,"column":0},"end":{"line":31,"column":26}},"31":{"start":{"line":32,"column":0},"end":{"line":32,"column":2}},"32":{"start":{"line":33,"column":0},"end":{"line":33,"column":0}},"33":{"start":{"line":34,"column":0},"end":{"line":34,"column":41}},"34":{"start":{"line":35,"column":0},"end":{"line":35,"column":31}},"35":{"start":{"line":36,"column":0},"end":{"line":36,"column":2}},"36":{"start":{"line":37,"column":0},"end":{"line":37,"column":0}},"37":{"start":{"line":38,"column":0},"end":{"line":38,"column":20}},"38":{"start":{"line":39,"column":0},"end":{"line":39,"column":36}},"39":{"start":{"line":40,"column":0},"end":{"line":40,"column":63}},"40":{"start":{"line":41,"column":0},"end":{"line":41,"column":3}},"41":{"start":{"line":42,"column":0},"end":{"line":42,"column":22}},"42":{"start":{"line":43,"column":0},"end":{"line":43,"column":2}},"43":{"start":{"line":44,"column":0},"end":{"line":44,"column":0}},"44":{"start":{"line":45,"column":0},"end":{"line":45,"column":22}},"45":{"start":{"line":46,"column":0},"end":{"line":46,"column":23}},"46":{"start":{"line":47,"column":0},"end":{"line":47,"column":2}},"47":{"start":{"line":48,"column":0},"end":{"line":48,"column":0}},"48":{"start":{"line":49,"column":0},"end":{"line":49,"column":19}},"49":{"start":{"line":50,"column":0},"end":{"line":50,"column":18}},"50":{"start":{"line":51,"column":0},"end":{"line":51,"column":2}},"51":{"start":{"line":52,"column":0},"end":{"line":52,"column":0}},"52":{"start":{"line":53,"column":0},"end":{"line":53,"column":21}},"53":{"start":{"line":54,"column":0},"end":{"line":54,"column":20}},"54":{"start":{"line":55,"column":0},"end":{"line":55,"column":2}},"55":{"start":{"line":56,"column":0},"end":{"line":56,"column":0}},"56":{"start":{"line":57,"column":0},"end":{"line":57,"column":25}},"57":{"start":{"line":58,"column":0},"end":{"line":58,"column":23}},"58":{"start":{"line":59,"column":0},"end":{"line":59,"column":2}},"59":{"start":{"line":60,"column":0},"end":{"line":60,"column":0}},"60":{"start":{"line":61,"column":0},"end":{"line":61,"column":26}},"61":{"start":{"line":62,"column":0},"end":{"line":62,"column":22}},"62":{"start":{"line":63,"column":0},"end":{"line":63,"column":2}},"63":{"start":{"line":64,"column":0},"end":{"line":64,"column":0}},"64":{"start":{"line":65,"column":0},"end":{"line":65,"column":29}},"65":{"start":{"line":66,"column":0},"end":{"line":66,"column":28}},"66":{"start":{"line":67,"column":0},"end":{"line":67,"column":2}},"67":{"start":{"line":68,"column":0},"end":{"line":68,"column":0}},"68":{"start":{"line":69,"column":0},"end":{"line":69,"column":0}},"69":{"start":{"line":70,"column":0},"end":{"line":70,"column":0}},"70":{"start":{"line":71,"column":0},"end":{"line":71,"column":0}},"71":{"start":{"line":72,"column":0},"end":{"line":72,"column":1}}},"s":{"0":1,"1":1,"2":1,"3":27,"4":27,"5":27,"6":27,"7":27,"8":27,"9":27,"10":27,"11":27,"12":27,"13":27,"14":27,"15":27,"16":30,"17":1,"18":1,"19":30,"20":2,"21":2,"22":30,"23":27,"24":27,"25":3,"26":3,"27":3,"28":27,"29":27,"30":19,"31":19,"32":27,"33":27,"34":8,"35":8,"36":27,"37":27,"38":5,"39":1,"40":1,"41":4,"42":4,"43":27,"44":27,"45":2,"46":2,"47":27,"48":27,"49":26,"50":26,"51":27,"52":27,"53":18,"54":18,"55":27,"56":27,"57":61,"58":61,"59":27,"60":27,"61":17,"62":17,"63":27,"64":27,"65":19,"66":19,"67":27,"68":27,"69":27,"70":27,"71":27},"branchMap":{"0":{"type":"branch","line":3,"loc":{"start":{"line":3,"column":15},"end":{"line":72,"column":1}},"locations":[{"start":{"line":3,"column":15},"end":{"line":72,"column":1}}]},"1":{"type":"branch","line":10,"loc":{"start":{"line":10,"column":1},"end":{"line":14,"column":2}},"locations":[{"start":{"line":10,"column":1},"end":{"line":14,"column":2}}]},"2":{"type":"branch","line":16,"loc":{"start":{"line":16,"column":9},"end":{"line":23,"column":2}},"locations":[{"start":{"line":16,"column":9},"end":{"line":23,"column":2}}]},"3":{"type":"branch","line":17,"loc":{"start":{"line":17,"column":27},"end":{"line":19,"column":3}},"locations":[{"start":{"line":17,"column":27},"end":{"line":19,"column":3}}]},"4":{"type":"branch","line":19,"loc":{"start":{"line":19,"column":2},"end":{"line":20,"column":29}},"locations":[{"start":{"line":19,"column":2},"end":{"line":20,"column":29}}]},"5":{"type":"branch","line":20,"loc":{"start":{"line":20,"column":29},"end":{"line":22,"column":3}},"locations":[{"start":{"line":20,"column":29},"end":{"line":22,"column":3}}]},"6":{"type":"branch","line":25,"loc":{"start":{"line":25,"column":8},"end":{"line":28,"column":2}},"locations":[{"start":{"line":25,"column":8},"end":{"line":28,"column":2}}]},"7":{"type":"branch","line":30,"loc":{"start":{"line":30,"column":8},"end":{"line":32,"column":2}},"locations":[{"start":{"line":30,"column":8},"end":{"line":32,"column":2}}]},"8":{"type":"branch","line":34,"loc":{"start":{"line":34,"column":8},"end":{"line":36,"column":2}},"locations":[{"start":{"line":34,"column":8},"end":{"line":36,"column":2}}]},"9":{"type":"branch","line":38,"loc":{"start":{"line":38,"column":8},"end":{"line":43,"column":2}},"locations":[{"start":{"line":38,"column":8},"end":{"line":43,"column":2}}]},"10":{"type":"branch","line":39,"loc":{"start":{"line":39,"column":35},"end":{"line":43,"column":2}},"locations":[{"start":{"line":39,"column":35},"end":{"line":43,"column":2}}]},"11":{"type":"branch","line":39,"loc":{"start":{"line":39,"column":35},"end":{"line":41,"column":3}},"locations":[{"start":{"line":39,"column":35},"end":{"line":41,"column":3}}]},"12":{"type":"branch","line":45,"loc":{"start":{"line":45,"column":8},"end":{"line":47,"column":2}},"locations":[{"start":{"line":45,"column":8},"end":{"line":47,"column":2}}]},"13":{"type":"branch","line":49,"loc":{"start":{"line":49,"column":1},"end":{"line":51,"column":2}},"locations":[{"start":{"line":49,"column":1},"end":{"line":51,"column":2}}]},"14":{"type":"branch","line":53,"loc":{"start":{"line":53,"column":1},"end":{"line":55,"column":2}},"locations":[{"start":{"line":53,"column":1},"end":{"line":55,"column":2}}]},"15":{"type":"branch","line":57,"loc":{"start":{"line":57,"column":1},"end":{"line":59,"column":2}},"locations":[{"start":{"line":57,"column":1},"end":{"line":59,"column":2}}]},"16":{"type":"branch","line":61,"loc":{"start":{"line":61,"column":1},"end":{"line":63,"column":2}},"locations":[{"start":{"line":61,"column":1},"end":{"line":63,"column":2}}]},"17":{"type":"branch","line":65,"loc":{"start":{"line":65,"column":1},"end":{"line":67,"column":2}},"locations":[{"start":{"line":65,"column":1},"end":{"line":67,"column":2}}]}},"b":{"0":[27],"1":[27],"2":[30],"3":[1],"4":[29],"5":[2],"6":[3],"7":[19],"8":[8],"9":[5],"10":[4],"11":[1],"12":[2],"13":[26],"14":[18],"15":[61],"16":[17],"17":[19]},"fnMap":{"0":{"name":"<instance_members_initializer>","decl":{"start":{"line":3,"column":15},"end":{"line":72,"column":1}},"loc":{"start":{"line":3,"column":15},"end":{"line":72,"column":1}},"line":3},"1":{"name":"Customer","decl":{"start":{"line":10,"column":1},"end":{"line":14,"column":2}},"loc":{"start":{"line":10,"column":1},"end":{"line":14,"column":2}},"line":10},"2":{"name":"validate","decl":{"start":{"line":16,"column":9},"end":{"line":23,"column":2}},"loc":{"start":{"line":16,"column":9},"end":{"line":23,"column":2}},"line":16},"3":{"name":"changeName","decl":{"start":{"line":25,"column":8},"end":{"line":28,"column":2}},"loc":{"start":{"line":25,"column":8},"end":{"line":28,"column":2}},"line":25},"4":{"name":"setAddress","decl":{"start":{"line":30,"column":8},"end":{"line":32,"column":2}},"loc":{"start":{"line":30,"column":8},"end":{"line":32,"column":2}},"line":30},"5":{"name":"addRewardPoints","decl":{"start":{"line":34,"column":8},"end":{"line":36,"column":2}},"loc":{"start":{"line":34,"column":8},"end":{"line":36,"column":2}},"line":34},"6":{"name":"activate","decl":{"start":{"line":38,"column":8},"end":{"line":43,"column":2}},"loc":{"start":{"line":38,"column":8},"end":{"line":43,"column":2}},"line":38},"7":{"name":"deactivate","decl":{"start":{"line":45,"column":8},"end":{"line":47,"column":2}},"loc":{"start":{"line":45,"column":8},"end":{"line":47,"column":2}},"line":45},"8":{"name":"get id","decl":{"start":{"line":49,"column":1},"end":{"line":51,"column":2}},"loc":{"start":{"line":49,"column":1},"end":{"line":51,"column":2}},"line":49},"9":{"name":"get name","decl":{"start":{"line":53,"column":1},"end":{"line":55,"column":2}},"loc":{"start":{"line":53,"column":1},"end":{"line":55,"column":2}},"line":53},"10":{"name":"get address","decl":{"start":{"line":57,"column":1},"end":{"line":59,"column":2}},"loc":{"start":{"line":57,"column":1},"end":{"line":59,"column":2}},"line":57},"11":{"name":"get isActive","decl":{"start":{"line":61,"column":1},"end":{"line":63,"column":2}},"loc":{"start":{"line":61,"column":1},"end":{"line":63,"column":2}},"line":61},"12":{"name":"get rewardPoints","decl":{"start":{"line":65,"column":1},"end":{"line":67,"column":2}},"loc":{"start":{"line":65,"column":1},"end":{"line":67,"column":2}},"line":65}},"f":{"0":27,"1":27,"2":30,"3":3,"4":19,"5":8,"6":5,"7":2,"8":26,"9":18,"10":61,"11":17,"12":19}}
,"/home/aneuwald/Learning/CursoFullCycle/DDD/app/src/domain/entity/order-item.ts": {"path":"/home/aneuwald/Learning/CursoFullCycle/DDD/app/src/domain/entity/order-item.ts","all":false,"statementMap":{"0":{"start":{"line":1,"column":0},"end":{"line":1,"column":32}},"1":{"start":{"line":2,"column":0},"end":{"line":2,"column":21}},"2":{"start":{"line":3,"column":0},"end":{"line":3,"column":28}},"3":{"start":{"line":4,"column":0},"end":{"line":4,"column":23}},"4":{"start":{"line":5,"column":0},"end":{"line":5,"column":24}},"5":{"start":{"line":6,"column":0},"end":{"line":6,"column":31}},"6":{"start":{"line":7,"column":0},"end":{"line":7,"column":0}},"7":{"start":{"line":8,"column":0},"end":{"line":8,"column":92}},"8":{"start":{"line":9,"column":0},"end":{"line":9,"column":16}},"9":{"start":{"line":10,"column":0},"end":{"line":10,"column":20}},"10":{"start":{"line":11,"column":0},"end":{"line":11,"column":22}},"11":{"start":{"line":12,"column":0},"end":{"line":12,"column":28}},"12":{"start":{"line":13,"column":0},"end":{"line":13,"column":30}},"13":{"start":{"line":14,"column":0},"end":{"line":14,"column":18}},"14":{"start":{"line":15,"column":0},"end":{"line":15,"column":2}},"15":{"start":{"line":16,"column":0},"end":{"line":16,"column":0}},"16":{"start":{"line":17,"column":0},"end":{"line":17,"column":21}},"17":{"start":{"line":18,"column":0},"end":{"line":18,"column":28}},"18":{"start":{"line":19,"column":0},"end":{"line":19,"column":60}},"19":{"start":{"line":20,"column":0},"end":{"line":20,"column":3}},"20":{"start":{"line":21,"column":0},"end":{"line":21,"column":30}},"21":{"start":{"line":22,"column":0},"end":{"line":22,"column":62}},"22":{"start":{"line":23,"column":0},"end":{"line":23,"column":3}},"23":{"start":{"line":24,"column":0},"end":{"line":24,"column":25}},"24":{"start":{"line":25,"column":0},"end":{"line":25,"column":51}},"25":{"start":{"line":26,"column":0},"end":{"line":26,"column":3}},"26":{"start":{"line":27,"column":0},"end":{"line":27,"column":28}},"27":{"start":{"line":28,"column":0},"end":{"line":28,"column":54}},"28":{"start":{"line":29,"column":0},"end":{"line":29,"column":3}},"29":{"start":{"line":30,"column":0},"end":{"line":30,"column":35}},"30":{"start":{"line":31,"column":0},"end":{"line":31,"column":67}},"31":{"start":{"line":32,"column":0},"end":{"line":32,"column":3}},"32":{"start":{"line":33,"column":0},"end":{"line":33,"column":2}},"33":{"start":{"line":34,"column":0},"end":{"line":34,"column":0}},"34":{"start":{"line":35,"column":0},"end":{"line":35,"column":19}},"35":{"start":{"line":36,"column":0},"end":{"line":36,"column":18}},"36":{"start":{"line":37,"column":0},"end":{"line":37,"column":2}},"37":{"start":{"line":38,"column":0},"end":{"line":38,"column":0}},"38":{"start":{"line":39,"column":0},"end":{"line":39,"column":21}},"39":{"start":{"line":40,"column":0},"end":{"line":40,"column":20}},"40":{"start":{"line":41,"column":0},"end":{"line":41,"column":2}},"41":{"start":{"line":42,"column":0},"end":{"line":42,"column":0}},"42":{"start":{"line":43,"column":0},"end":{"line":43,"column":22}},"43":{"start":{"line":44,"column":0},"end":{"line":44,"column":21}},"44":{"start":{"line":45,"column":0},"end":{"line":45,"column":2}},"45":{"start":{"line":46,"column":0},"end":{"line":46,"column":0}},"46":{"start":{"line":47,"column":0},"end":{"line":47,"column":25}},"47":{"start":{"line":48,"column":0},"end":{"line":48,"column":24}},"48":{"start":{"line":49,"column":0},"end":{"line":49,"column":2}},"49":{"start":{"line":50,"column":0},"end":{"line":50,"column":0}},"50":{"start":{"line":51,"column":0},"end":{"line":51,"column":26}},"51":{"start":{"line":52,"column":0},"end":{"line":52,"column":25}},"52":{"start":{"line":53,"column":0},"end":{"line":53,"column":2}},"53":{"start":{"line":54,"column":0},"end":{"line":54,"column":0}},"54":{"start":{"line":55,"column":0},"end":{"line":55,"column":39}},"55":{"start":{"line":56,"column":0},"end":{"line":56,"column":38}},"56":{"start":{"line":57,"column":0},"end":{"line":57,"column":2}},"57":{"start":{"line":58,"column":0},"end":{"line":58,"column":0}},"58":{"start":{"line":59,"column":0},"end":{"line":59,"column":1}}},"s":{"0":1,"1":25,"2":25,"3":25,"4":25,"5":25,"6":25,"7":25,"8":25,"9":25,"10":25,"11":25,"12":25,"13":25,"14":25,"15":25,"16":25,"17":25,"18":1,"19":1,"20":25,"21":1,"22":1,"23":25,"24":1,"25":1,"26":25,"27":1,"28":1,"29":25,"30":1,"31":1,"32":25,"33":25,"34":25,"35":14,"36":14,"37":25,"38":25,"39":8,"40":8,"41":25,"42":25,"43":8,"44":8,"45":25,"46":25,"47":8,"48":8,"49":25,"50":25,"51":7,"52":7,"53":25,"54":25,"55":21,"56":21,"57":25,"58":25},"branchMap":{"0":{"type":"branch","line":1,"loc":{"start":{"line":1,"column":15},"end":{"line":59,"column":1}},"locations":[{"start":{"line":1,"column":15},"end":{"line":59,"column":1}}]},"1":{"type":"branch","line":8,"loc":{"start":{"line":8,"column":1},"end":{"line":15,"column":2}},"locations":[{"start":{"line":8,"column":1},"end":{"line":15,"column":2}}]},"2":{"type":"branch","line":17,"loc":{"start":{"line":17,"column":9},"end":{"line":33,"column":2}},"locations":[{"start":{"line":17,"column":9},"end":{"line":33,"column":2}}]},"3":{"type":"branch","line":18,"loc":{"start":{"line":18,"column":27},"end":{"line":20,"column":3}},"locations":[{"start":{"line":18,"column":27},"end":{"line":20,"column":3}}]},"4":{"type":"branch","line":20,"loc":{"start":{"line":20,"column":2},"end":{"line":21,"column":29}},"locations":[{"start":{"line":20,"column":2},"end":{"line":21,"column":29}}]},"5":{"type":"branch","line":21,"loc":{"start":{"line":21,"column":29},"end":{"line":23,"column":3}},"locations":[{"start":{"line":21,"column":29},"end":{"line":23,"column":3}}]},"6":{"type":"branch","line":23,"loc":{"start":{"line":23,"column":2},"end":{"line":24,"column":24}},"locations":[{"start":{"line":23,"column":2},"end":{"line":24,"column":24}}]},"7":{"type":"branch","line":24,"loc":{"start":{"line":24,"column":24},"end":{"line":26,"column":3}},"locations":[{"start":{"line":24,"column":24},"end":{"line":26,"column":3}}]},"8":{"type":"branch","line":26,"loc":{"start":{"line":26,"column":2},"end":{"line":27,"column":27}},"locations":[{"start":{"line":26,"column":2},"end":{"line":27,"column":27}}]},"9":{"type":"branch","line":27,"loc":{"start":{"line":27,"column":27},"end":{"line":29,"column":3}},"locations":[{"start":{"line":27,"column":27},"end":{"line":29,"column":3}}]},"10":{"type":"branch","line":29,"loc":{"start":{"line":29,"column":2},"end":{"line":30,"column":34}},"locations":[{"start":{"line":29,"column":2},"end":{"line":30,"column":34}}]},"11":{"type":"branch","line":30,"loc":{"start":{"line":30,"column":34},"end":{"line":32,"column":3}},"locations":[{"start":{"line":30,"column":34},"end":{"line":32,"column":3}}]},"12":{"type":"branch","line":35,"loc":{"start":{"line":35,"column":1},"end":{"line":37,"column":2}},"locations":[{"start":{"line":35,"column":1},"end":{"line":37,"column":2}}]},"13":{"type":"branch","line":39,"loc":{"start":{"line":39,"column":1},"end":{"line":41,"column":2}},"locations":[{"start":{"line":39,"column":1},"end":{"line":41,"column":2}}]},"14":{"type":"branch","line":43,"loc":{"start":{"line":43,"column":1},"end":{"line":45,"column":2}},"locations":[{"start":{"line":43,"column":1},"end":{"line":45,"column":2}}]},"15":{"type":"branch","line":47,"loc":{"start":{"line":47,"column":1},"end":{"line":49,"column":2}},"locations":[{"start":{"line":47,"column":1},"end":{"line":49,"column":2}}]},"16":{"type":"branch","line":51,"loc":{"start":{"line":51,"column":1},"end":{"line":53,"column":2}},"locations":[{"start":{"line":51,"column":1},"end":{"line":53,"column":2}}]},"17":{"type":"branch","line":55,"loc":{"start":{"line":55,"column":8},"end":{"line":57,"column":2}},"locations":[{"start":{"line":55,"column":8},"end":{"line":57,"column":2}}]}},"b":{"0":[25],"1":[25],"2":[25],"3":[1],"4":[24],"5":[1],"6":[23],"7":[1],"8":[22],"9":[1],"10":[21],"11":[1],"12":[14],"13":[8],"14":[8],"15":[8],"16":[7],"17":[21]},"fnMap":{"0":{"name":"<instance_members_initializer>","decl":{"start":{"line":1,"column":15},"end":{"line":59,"column":1}},"loc":{"start":{"line":1,"column":15},"end":{"line":59,"column":1}},"line":1},"1":{"name":"OrderItem","decl":{"start":{"line":8,"column":1},"end":{"line":15,"column":2}},"loc":{"start":{"line":8,"column":1},"end":{"line":15,"column":2}},"line":8},"2":{"name":"validate","decl":{"start":{"line":17,"column":9},"end":{"line":33,"column":2}},"loc":{"start":{"line":17,"column":9},"end":{"line":33,"column":2}},"line":17},"3":{"name":"get id","decl":{"start":{"line":35,"column":1},"end":{"line":37,"column":2}},"loc":{"start":{"line":35,"column":1},"end":{"line":37,"column":2}},"line":35},"4":{"name":"get name","decl":{"start":{"line":39,"column":1},"end":{"line":41,"column":2}},"loc":{"start":{"line":39,"column":1},"end":{"line":41,"column":2}},"line":39},"5":{"name":"get price","decl":{"start":{"line":43,"column":1},"end":{"line":45,"column":2}},"loc":{"start":{"line":43,"column":1},"end":{"line":45,"column":2}},"line":43},"6":{"name":"get quantity","decl":{"start":{"line":47,"column":1},"end":{"line":49,"column":2}},"loc":{"start":{"line":47,"column":1},"end":{"line":49,"column":2}},"line":47},"7":{"name":"get productId","decl":{"start":{"line":51,"column":1},"end":{"line":53,"column":2}},"loc":{"start":{"line":51,"column":1},"end":{"line":53,"column":2}},"line":51},"8":{"name":"orderItemTotalPrice","decl":{"start":{"line":55,"column":8},"end":{"line":57,"column":2}},"loc":{"start":{"line":55,"column":8},"end":{"line":57,"column":2}},"line":55}},"f":{"0":25,"1":25,"2":25,"3":14,"4":8,"5":8,"6":8,"7":7,"8":21}}
,"/home/aneuwald/Learning/CursoFullCycle/DDD/app/src/domain/entity/order.ts": {"path":"/home/aneuwald/Learning/CursoFullCycle/DDD/app/src/domain/entity/order.ts","all":false,"statementMap":{"0":{"start":{"line":1,"column":0},"end":{"line":1,"column":37}},"1":{"start":{"line":2,"column":0},"end":{"line":2,"column":0}},"2":{"start":{"line":3,"column":0},"end":{"line":3,"column":28}},"3":{"start":{"line":4,"column":0},"end":{"line":4,"column":0}},"4":{"start":{"line":5,"column":0},"end":{"line":5,"column":21}},"5":{"start":{"line":6,"column":0},"end":{"line":6,"column":29}},"6":{"start":{"line":7,"column":0},"end":{"line":7,"column":34}},"7":{"start":{"line":8,"column":0},"end":{"line":8,"column":24}},"8":{"start":{"line":9,"column":0},"end":{"line":9,"column":0}},"9":{"start":{"line":10,"column":0},"end":{"line":10,"column":66}},"10":{"start":{"line":11,"column":0},"end":{"line":11,"column":16}},"11":{"start":{"line":12,"column":0},"end":{"line":12,"column":32}},"12":{"start":{"line":13,"column":0},"end":{"line":13,"column":22}},"13":{"start":{"line":14,"column":0},"end":{"line":14,"column":38}},"14":{"start":{"line":15,"column":0},"end":{"line":15,"column":18}},"15":{"start":{"line":16,"column":0},"end":{"line":16,"column":2}},"16":{"start":{"line":17,"column":0},"end":{"line":17,"column":0}},"17":{"start":{"line":18,"column":0},"end":{"line":18,"column":21}},"18":{"start":{"line":19,"column":0},"end":{"line":19,"column":28}},"19":{"start":{"line":20,"column":0},"end":{"line":20,"column":60}},"20":{"start":{"line":21,"column":0},"end":{"line":21,"column":3}},"21":{"start":{"line":22,"column":0},"end":{"line":22,"column":36}},"22":{"start":{"line":23,"column":0},"end":{"line":23,"column":68}},"23":{"start":{"line":24,"column":0},"end":{"line":24,"column":3}},"24":{"start":{"line":25,"column":0},"end":{"line":25,"column":31}},"25":{"start":{"line":26,"column":0},"end":{"line":26,"column":54}},"26":{"start":{"line":27,"column":0},"end":{"line":27,"column":3}},"27":{"start":{"line":28,"column":0},"end":{"line":28,"column":2}},"28":{"start":{"line":29,"column":0},"end":{"line":29,"column":0}},"29":{"start":{"line":30,"column":0},"end":{"line":30,"column":27}},"30":{"start":{"line":31,"column":0},"end":{"line":31,"column":84}},"31":{"start":{"line":32,"column":0},"end":{"line":32,"column":2}},"32":{"start":{"line":33,"column":0},"end":{"line":33,"column":0}},"33":{"start":{"line":34,"column":0},"end":{"line":34,"column":11}},"34":{"start":{"line":35,"column":0},"end":{"line":35,"column":18}},"35":{"start":{"line":36,"column":0},"end":{"line":36,"column":2}},"36":{"start":{"line":37,"column":0},"end":{"line":37,"column":0}},"37":{"start":{"line":38,"column":0},"end":{"line":38,"column":19}},"38":{"start":{"line":39,"column":0},"end":{"line":39,"column":26}},"39":{"start":{"line":40,"column":0},"end":{"line":40,"column":2}},"40":{"start":{"line":41,"column":0},"end":{"line":41,"column":0}},"41":{"start":{"line":42,"column":0},"end":{"line":42,"column":14}},"42":{"start":{"line":43,"column":0},"end":{"line":43,"column":21}},"43":{"start":{"line":44,"column":0},"end":{"line":44,"column":2}},"44":{"start":{"line":45,"column":0},"end":{"line":45,"column":0}},"45":{"start":{"line":46,"column":0},"end":{"line":46,"column":14}},"46":{"start":{"line":47,"column":0},"end":{"line":47,"column":21}},"47":{"start":{"line":48,"column":0},"end":{"line":48,"column":2}},"48":{"start":{"line":49,"column":0},"end":{"line":49,"column":0}},"49":{"start":{"line":50,"column":0},"end":{"line":50,"column":1}}},"s":{"0":1,"1":1,"2":1,"3":17,"4":17,"5":17,"6":17,"7":17,"8":17,"9":17,"10":17,"11":17,"12":17,"13":17,"14":17,"15":17,"16":17,"17":17,"18":17,"19":1,"20":1,"21":17,"22":1,"23":1,"24":17,"25":1,"26":1,"27":17,"28":17,"29":17,"30":17,"31":17,"32":17,"33":17,"34":14,"35":14,"36":17,"37":17,"38":6,"39":6,"40":17,"41":17,"42":6,"43":6,"44":17,"45":17,"46":12,"47":12,"48":17,"49":17},"branchMap":{"0":{"type":"branch","line":3,"loc":{"start":{"line":3,"column":15},"end":{"line":50,"column":1}},"locations":[{"start":{"line":3,"column":15},"end":{"line":50,"column":1}}]},"1":{"type":"branch","line":10,"loc":{"start":{"line":10,"column":1},"end":{"line":16,"column":2}},"locations":[{"start":{"line":10,"column":1},"end":{"line":16,"column":2}}]},"2":{"type":"branch","line":18,"loc":{"start":{"line":18,"column":9},"end":{"line":28,"column":2}},"locations":[{"start":{"line":18,"column":9},"end":{"line":28,"column":2}}]},"3":{"type":"branch","line":19,"loc":{"start":{"line":19,"column":27},"end":{"line":21,"column":3}},"locations":[{"start":{"line":19,"column":27},"end":{"line":21,"column":3}}]},"4":{"type":"branch","line":21,"loc":{"start":{"line":21,"column":2},"end":{"line":22,"column":35}},"locations":[{"start":{"line":21,"column":2},"end":{"line":22,"column":35}}]},"5":{"type":"branch","line":22,"loc":{"start":{"line":22,"column":35},"end":{"line":24,"column":3}},"locations":[{"start":{"line":22,"column":35},"end":{"line":24,"column":3}}]},"6":{"type":"branch","line":24,"loc":{"start":{"line":24,"column":2},"end":{"line":25,"column":30}},"locations":[{"start":{"line":24,"column":2},"end":{"line":25,"column":30}}]},"7":{"type":"branch","line":25,"loc":{"start":{"line":25,"column":30},"end":{"line":27,"column":3}},"locations":[{"start":{"line":25,"column":30},"end":{"line":27,"column":3}}]},"8":{"type":"branch","line":30,"loc":{"start":{"line":30,"column":9},"end":{"line":32,"column":2}},"locations":[{"start":{"line":30,"column":9},"end":{"line":32,"column":2}}]},"9":{"type":"branch","line":31,"loc":{"start":{"line":31,"column":28},"end":{"line":31,"column":81}},"locations":[{"start":{"line":31,"column":28},"end":{"line":31,"column":81}}]},"10":{"type":"branch","line":34,"loc":{"start":{"line":34,"column":1},"end":{"line":36,"column":2}},"locations":[{"start":{"line":34,"column":1},"end":{"line":36,"column":2}}]},"11":{"type":"branch","line":38,"loc":{"start":{"line":38,"column":1},"end":{"line":40,"column":2}},"locations":[{"start":{"line":38,"column":1},"end":{"line":40,"column":2}}]},"12":{"type":"branch","line":42,"loc":{"start":{"line":42,"column":1},"end":{"line":44,"column":2}},"locations":[{"start":{"line":42,"column":1},"end":{"line":44,"column":2}}]},"13":{"type":"branch","line":46,"loc":{"start":{"line":46,"column":1},"end":{"line":48,"column":2}},"locations":[{"start":{"line":46,"column":1},"end":{"line":48,"column":2}}]}},"b":{"0":[17],"1":[17],"2":[17],"3":[1],"4":[16],"5":[1],"6":[15],"7":[1],"8":[17],"9":[20],"10":[14],"11":[6],"12":[6],"13":[12]},"fnMap":{"0":{"name":"<instance_members_initializer>","decl":{"start":{"line":3,"column":15},"end":{"line":50,"column":1}},"loc":{"start":{"line":3,"column":15},"end":{"line":50,"column":1}},"line":3},"1":{"name":"Order","decl":{"start":{"line":10,"column":1},"end":{"line":16,"column":2}},"loc":{"start":{"line":10,"column":1},"end":{"line":16,"column":2}},"line":10},"2":{"name":"validate","decl":{"start":{"line":18,"column":9},"end":{"line":28,"column":2}},"loc":{"start":{"line":18,"column":9},"end":{"line":28,"column":2}},"line":18},"3":{"name":"calculateTotal","decl":{"start":{"line":30,"column":9},"end":{"line":32,"column":2}},"loc":{"start":{"line":30,"column":9},"end":{"line":32,"column":2}},"line":30},"4":{"name":"get id","decl":{"start":{"line":34,"column":1},"end":{"line":36,"column":2}},"loc":{"start":{"line":34,"column":1},"end":{"line":36,"column":2}},"line":34},"5":{"name":"get customerId","decl":{"start":{"line":38,"column":1},"end":{"line":40,"column":2}},"loc":{"start":{"line":38,"column":1},"end":{"line":40,"column":2}},"line":38},"6":{"name":"get items","decl":{"start":{"line":42,"column":1},"end":{"line":44,"column":2}},"loc":{"start":{"line":42,"column":1},"end":{"line":44,"column":2}},"line":42},"7":{"name":"get total","decl":{"start":{"line":46,"column":1},"end":{"line":48,"column":2}},"loc":{"start":{"line":46,"column":1},"end":{"line":48,"column":2}},"line":46}},"f":{"0":17,"1":17,"2":17,"3":17,"4":14,"5":6,"6":6,"7":12}}
,"/home/aneuwald/Learning/CursoFullCycle/DDD/app/src/domain/entity/product.ts": {"path":"/home/aneuwald/Learning/CursoFullCycle/DDD/app/src/domain/entity/product.ts","all":false,"statementMap":{"0":{"start":{"line":1,"column":0},"end":{"line":1,"column":30}},"1":{"start":{"line":2,"column":0},"end":{"line":2,"column":0}},"2":{"start":{"line":3,"column":0},"end":{"line":3,"column":21}},"3":{"start":{"line":4,"column":0},"end":{"line":4,"column":23}},"4":{"start":{"line":5,"column":0},"end":{"line":5,"column":24}},"5":{"start":{"line":6,"column":0},"end":{"line":6,"column":0}},"6":{"start":{"line":7,"column":0},"end":{"line":7,"column":55}},"7":{"start":{"line":8,"column":0},"end":{"line":8,"column":16}},"8":{"start":{"line":9,"column":0},"end":{"line":9,"column":20}},"9":{"start":{"line":10,"column":0},"end":{"line":10,"column":22}},"10":{"start":{"line":11,"column":0},"end":{"line":11,"column":18}},"11":{"start":{"line":12,"column":0},"end":{"line":12,"column":2}},"12":{"start":{"line":13,"column":0},"end":{"line":13,"column":0}},"13":{"start":{"line":14,"column":0},"end":{"line":14,"column":21}},"14":{"start":{"line":15,"column":0},"end":{"line":15,"column":28}},"15":{"start":{"line":16,"column":0},"end":{"line":16,"column":60}},"16":{"start":{"line":17,"column":0},"end":{"line":17,"column":3}},"17":{"start":{"line":18,"column":0},"end":{"line":18,"column":30}},"18":{"start":{"line":19,"column":0},"end":{"line":19,"column":62}},"19":{"start":{"line":20,"column":0},"end":{"line":20,"column":3}},"20":{"start":{"line":21,"column":0},"end":{"line":21,"column":25}},"21":{"start":{"line":22,"column":0},"end":{"line":22,"column":51}},"22":{"start":{"line":23,"column":0},"end":{"line":23,"column":3}},"23":{"start":{"line":24,"column":0},"end":{"line":24,"column":2}},"24":{"start":{"line":25,"column":0},"end":{"line":25,"column":0}},"25":{"start":{"line":26,"column":0},"end":{"line":26,"column":37}},"26":{"start":{"line":27,"column":0},"end":{"line":27,"column":23}},"27":{"start":{"line":28,"column":0},"end":{"line":28,"column":18}},"28":{"start":{"line":29,"column":0},"end":{"line":29,"column":2}},"29":{"start":{"line":30,"column":0},"end":{"line":30,"column":0}},"30":{"start":{"line":31,"column":0},"end":{"line":31,"column":39}},"31":{"start":{"line":32,"column":0},"end":{"line":32,"column":25}},"32":{"start":{"line":33,"column":0},"end":{"line":33,"column":18}},"33":{"start":{"line":34,"column":0},"end":{"line":34,"column":2}},"34":{"start":{"line":35,"column":0},"end":{"line":35,"column":0}},"35":{"start":{"line":36,"column":0},"end":{"line":36,"column":0}},"36":{"start":{"line":37,"column":0},"end":{"line":37,"column":19}},"37":{"start":{"line":38,"column":0},"end":{"line":38,"column":18}},"38":{"start":{"line":39,"column":0},"end":{"line":39,"column":2}},"39":{"start":{"line":40,"column":0},"end":{"line":40,"column":0}},"40":{"start":{"line":41,"column":0},"end":{"line":41,"column":21}},"41":{"start":{"line":42,"column":0},"end":{"line":42,"column":20}},"42":{"start":{"line":43,"column":0},"end":{"line":43,"column":2}},"43":{"start":{"line":44,"column":0},"end":{"line":44,"column":0}},"44":{"start":{"line":45,"column":0},"end":{"line":45,"column":22}},"45":{"start":{"line":46,"column":0},"end":{"line":46,"column":21}},"46":{"start":{"line":47,"column":0},"end":{"line":47,"column":2}},"47":{"start":{"line":48,"column":0},"end":{"line":48,"column":0}},"48":{"start":{"line":49,"column":0},"end":{"line":49,"column":1}}},"s":{"0":1,"1":29,"2":29,"3":29,"4":29,"5":29,"6":29,"7":29,"8":29,"9":29,"10":29,"11":29,"12":29,"13":29,"14":34,"15":1,"16":1,"17":34,"18":1,"19":1,"20":34,"21":1,"22":1,"23":34,"24":29,"25":29,"26":1,"27":1,"28":1,"29":29,"30":29,"31":4,"32":4,"33":4,"34":29,"35":29,"36":29,"37":30,"38":30,"39":29,"40":29,"41":26,"42":26,"43":29,"44":29,"45":32,"46":32,"47":29,"48":29},"branchMap":{"0":{"type":"branch","line":1,"loc":{"start":{"line":1,"column":15},"end":{"line":49,"column":1}},"locations":[{"start":{"line":1,"column":15},"end":{"line":49,"column":1}}]},"1":{"type":"branch","line":7,"loc":{"start":{"line":7,"column":1},"end":{"line":12,"column":2}},"locations":[{"start":{"line":7,"column":1},"end":{"line":12,"column":2}}]},"2":{"type":"branch","line":14,"loc":{"start":{"line":14,"column":9},"end":{"line":24,"column":2}},"locations":[{"start":{"line":14,"column":9},"end":{"line":24,"column":2}}]},"3":{"type":"branch","line":15,"loc":{"start":{"line":15,"column":27},"end":{"line":17,"column":3}},"locations":[{"start":{"line":15,"column":27},"end":{"line":17,"column":3}}]},"4":{"type":"branch","line":17,"loc":{"start":{"line":17,"column":2},"end":{"line":18,"column":29}},"locations":[{"start":{"line":17,"column":2},"end":{"line":18,"column":29}}]},"5":{"type":"branch","line":18,"loc":{"start":{"line":18,"column":29},"end":{"line":20,"column":3}},"locations":[{"start":{"line":18,"column":29},"end":{"line":20,"column":3}}]},"6":{"type":"branch","line":20,"loc":{"start":{"line":20,"column":2},"end":{"line":21,"column":24}},"locations":[{"start":{"line":20,"column":2},"end":{"line":21,"column":24}}]},"7":{"type":"branch","line":21,"loc":{"start":{"line":21,"column":24},"end":{"line":23,"column":3}},"locations":[{"start":{"line":21,"column":24},"end":{"line":23,"column":3}}]},"8":{"type":"branch","line":26,"loc":{"start":{"line":26,"column":8},"end":{"line":29,"column":2}},"locations":[{"start":{"line":26,"column":8},"end":{"line":29,"column":2}}]},"9":{"type":"branch","line":31,"loc":{"start":{"line":31,"column":8},"end":{"line":34,"column":2}},"locations":[{"start":{"line":31,"column":8},"end":{"line":34,"column":2}}]},"10":{"type":"branch","line":37,"loc":{"start":{"line":37,"column":1},"end":{"line":39,"column":2}},"locations":[{"start":{"line":37,"column":1},"end":{"line":39,"column":2}}]},"11":{"type":"branch","line":41,"loc":{"start":{"line":41,"column":1},"end":{"line":43,"column":2}},"locations":[{"start":{"line":41,"column":1},"end":{"line":43,"column":2}}]},"12":{"type":"branch","line":45,"loc":{"start":{"line":45,"column":1},"end":{"line":47,"column":2}},"locations":[{"start":{"line":45,"column":1},"end":{"line":47,"column":2}}]}},"b":{"0":[29],"1":[29],"2":[34],"3":[1],"4":[33],"5":[1],"6":[32],"7":[1],"8":[1],"9":[4],"10":[30],"11":[26],"12":[32]},"fnMap":{"0":{"name":"<instance_members_initializer>","decl":{"start":{"line":1,"column":15},"end":{"line":49,"column":1}},"loc":{"start":{"line":1,"column":15},"end":{"line":49,"column":1}},"line":1},"1":{"name":"Product","decl":{"start":{"line":7,"column":1},"end":{"line":12,"column":2}},"loc":{"start":{"line":7,"column":1},"end":{"line":12,"column":2}},"line":7},"2":{"name":"validate","decl":{"start":{"line":14,"column":9},"end":{"line":24,"column":2}},"loc":{"start":{"line":14,"column":9},"end":{"line":24,"column":2}},"line":14},"3":{"name":"changeName","decl":{"start":{"line":26,"column":8},"end":{"line":29,"column":2}},"loc":{"start":{"line":26,"column":8},"end":{"line":29,"column":2}},"line":26},"4":{"name":"changePrice","decl":{"start":{"line":31,"column":8},"end":{"line":34,"column":2}},"loc":{"start":{"line":31,"column":8},"end":{"line":34,"column":2}},"line":31},"5":{"name":"get id","decl":{"start":{"line":37,"column":1},"end":{"line":39,"column":2}},"loc":{"start":{"line":37,"column":1},"end":{"line":39,"column":2}},"line":37},"6":{"name":"get name","decl":{"start":{"line":41,"column":1},"end":{"line":43,"column":2}},"loc":{"start":{"line":41,"column":1},"end":{"line":43,"column":2}},"line":41},"7":{"name":"get price","decl":{"start":{"line":45,"column":1},"end":{"line":47,"column":2}},"loc":{"start":{"line":45,"column":1},"end":{"line":47,"column":2}},"line":45}},"f":{"0":29,"1":29,"2":34,"3":1,"4":4,"5":30,"6":26,"7":32}}
,"/home/aneuwald/Learning/CursoFullCycle/DDD/app/src/domain/service/order.service.ts": {"path":"/home/aneuwald/Learning/CursoFullCycle/DDD/app/src/domain/service/order.service.ts","all":false,"statementMap":{"0":{"start":{"line":1,"column":0},"end":{"line":1,"column":42}},"1":{"start":{"line":2,"column":0},"end":{"line":2,"column":35}},"2":{"start":{"line":3,"column":0},"end":{"line":3,"column":45}},"3":{"start":{"line":4,"column":0},"end":{"line":4,"column":34}},"4":{"start":{"line":5,"column":0},"end":{"line":5,"column":0}},"5":{"start":{"line":6,"column":0},"end":{"line":6,"column":35}},"6":{"start":{"line":7,"column":0},"end":{"line":7,"column":0}},"7":{"start":{"line":8,"column":0},"end":{"line":8,"column":35}},"8":{"start":{"line":9,"column":0},"end":{"line":9,"column":15}},"9":{"start":{"line":10,"column":0},"end":{"line":10,"column":27}},"10":{"start":{"line":11,"column":0},"end":{"line":11,"column":24}},"11":{"start":{"line":12,"column":0},"end":{"line":12,"column":4}},"12":{"start":{"line":13,"column":0},"end":{"line":13,"column":14}},"13":{"start":{"line":14,"column":0},"end":{"line":14,"column":2}},"14":{"start":{"line":15,"column":0},"end":{"line":15,"column":0}},"15":{"start":{"line":16,"column":0},"end":{"line":16,"column":72}},"16":{"start":{"line":17,"column":0},"end":{"line":17,"column":0}},"17":{"start":{"line":18,"column":0},"end":{"line":18,"column":32}},"18":{"start":{"line":19,"column":0},"end":{"line":19,"column":55}},"19":{"start":{"line":20,"column":0},"end":{"line":20,"column":3}},"20":{"start":{"line":21,"column":0},"end":{"line":21,"column":0}},"21":{"start":{"line":22,"column":0},"end":{"line":22,"column":58}},"22":{"start":{"line":23,"column":0},"end":{"line":23,"column":43}},"23":{"start":{"line":24,"column":0},"end":{"line":24,"column":14}},"24":{"start":{"line":25,"column":0},"end":{"line":25,"column":2}},"25":{"start":{"line":26,"column":0},"end":{"line":26,"column":0}},"26":{"start":{"line":27,"column":0},"end":{"line":27,"column":1}}},"s":{"0":1,"1":1,"2":1,"3":1,"4":1,"5":1,"6":1,"7":1,"8":1,"9":1,"10":2,"11":2,"12":1,"13":1,"14":1,"15":1,"16":2,"17":2,"18":1,"19":1,"20":1,"21":1,"22":1,"23":1,"24":1,"25":1,"26":1},"branchMap":{"0":{"type":"branch","line":8,"loc":{"start":{"line":8,"column":8},"end":{"line":14,"column":2}},"locations":[{"start":{"line":8,"column":8},"end":{"line":14,"column":2}}]},"1":{"type":"branch","line":10,"loc":{"start":{"line":10,"column":17},"end":{"line":12,"column":4}},"locations":[{"start":{"line":10,"column":17},"end":{"line":12,"column":4}}]},"2":{"type":"branch","line":16,"loc":{"start":{"line":16,"column":8},"end":{"line":25,"column":2}},"locations":[{"start":{"line":16,"column":8},"end":{"line":25,"column":2}}]},"3":{"type":"branch","line":18,"loc":{"start":{"line":18,"column":31},"end":{"line":25,"column":2}},"locations":[{"start":{"line":18,"column":31},"end":{"line":25,"column":2}}]}},"b":{"0":[1],"1":[2],"2":[2],"3":[1]},"fnMap":{"0":{"name":"getTotal","decl":{"start":{"line":8,"column":8},"end":{"line":14,"column":2}},"loc":{"start":{"line":8,"column":8},"end":{"line":14,"column":2}},"line":8},"1":{"name":"placeOrder","decl":{"start":{"line":16,"column":8},"end":{"line":25,"column":2}},"loc":{"start":{"line":16,"column":8},"end":{"line":25,"column":2}},"line":16}},"f":{"0":1,"1":2}}
,"/home/aneuwald/Learning/CursoFullCycle/DDD/app/src/domain/service/product.service.ts": {"path":"/home/aneuwald/Learning/CursoFullCycle/DDD/app/src/domain/service/product.service.ts","all":false,"statementMap":{"0":{"start":{"line":1,"column":0},"end":{"line":1,"column":39}},"1":{"start":{"line":2,"column":0},"end":{"line":2,"column":0}},"2":{"start":{"line":3,"column":0},"end":{"line":3,"column":37}},"3":{"start":{"line":4,"column":0},"end":{"line":4,"column":0}},"4":{"start":{"line":5,"column":0},"end":{"line":5,"column":64}},"5":{"start":{"line":6,"column":0},"end":{"line":6,"column":31}},"6":{"start":{"line":7,"column":0},"end":{"line":7,"column":62}},"7":{"start":{"line":8,"column":0},"end":{"line":8,"column":4}},"8":{"start":{"line":9,"column":0},"end":{"line":9,"column":2}},"9":{"start":{"line":10,"column":0},"end":{"line":10,"column":0}},"10":{"start":{"line":11,"column":0},"end":{"line":11,"column":1}}},"s":{"0":1,"1":1,"2":1,"3":1,"4":1,"5":1,"6":2,"7":2,"8":1,"9":1,"10":1},"branchMap":{"0":{"type":"branch","line":5,"loc":{"start":{"line":5,"column":8},"end":{"line":9,"column":2}},"locations":[{"start":{"line":5,"column":8},"end":{"line":9,"column":2}}]},"1":{"type":"branch","line":6,"loc":{"start":{"line":6,"column":19},"end":{"line":8,"column":4}},"locations":[{"start":{"line":6,"column":19},"end":{"line":8,"column":4}}]}},"b":{"0":[1],"1":[2]},"fnMap":{"0":{"name":"increasePrice","decl":{"start":{"line":5,"column":8},"end":{"line":9,"column":2}},"loc":{"start":{"line":5,"column":8},"end":{"line":9,"column":2}},"line":5}},"f":{"0":1}}
,"/home/aneuwald/Learning/CursoFullCycle/DDD/app/src/infrastructure/db/sequelize/model/customer.model.ts": {"path":"/home/aneuwald/Learning/CursoFullCycle/DDD/app/src/infrastructure/db/sequelize/model/customer.model.ts","all":false,"statementMap":{"0":{"start":{"line":1,"column":0},"end":{"line":1,"column":81}},"1":{"start":{"line":2,"column":0},"end":{"line":2,"column":0}},"2":{"start":{"line":3,"column":0},"end":{"line":3,"column":8}},"3":{"start":{"line":4,"column":0},"end":{"line":4,"column":24}},"4":{"start":{"line":5,"column":0},"end":{"line":5,"column":18}},"5":{"start":{"line":6,"column":0},"end":{"line":6,"column":2}},"6":{"start":{"line":7,"column":0},"end":{"line":7,"column":50}},"7":{"start":{"line":8,"column":0},"end":{"line":8,"column":0}},"8":{"start":{"line":9,"column":0},"end":{"line":9,"column":12}},"9":{"start":{"line":10,"column":0},"end":{"line":10,"column":8}},"10":{"start":{"line":11,"column":0},"end":{"line":11,"column":20}},"11":{"start":{"line":12,"column":0},"end":{"line":12,"column":0}},"12":{"start":{"line":13,"column":0},"end":{"line":13,"column":30}},"13":{"start":{"line":14,"column":0},"end":{"line":14,"column":22}},"14":{"start":{"line":15,"column":0},"end":{"line":15,"column":0}},"15":{"start":{"line":16,"column":0},"end":{"line":16,"column":30}},"16":{"start":{"line":17,"column":0},"end":{"line":17,"column":24}},"17":{"start":{"line":18,"column":0},"end":{"line":18,"column":0}},"18":{"start":{"line":19,"column":0},"end":{"line":19,"column":30}},"19":{"start":{"line":20,"column":0},"end":{"line":20,"column":24}},"20":{"start":{"line":21,"column":0},"end":{"line":21,"column":0}},"21":{"start":{"line":22,"column":0},"end":{"line":22,"column":30}},"22":{"start":{"line":23,"column":0},"end":{"line":23,"column":28}},"23":{"start":{"line":24,"column":0},"end":{"line":24,"column":0}},"24":{"start":{"line":25,"column":0},"end":{"line":25,"column":30}},"25":{"start":{"line":26,"column":0},"end":{"line":26,"column":22}},"26":{"start":{"line":27,"column":0},"end":{"line":27,"column":0}},"27":{"start":{"line":28,"column":0},"end":{"line":28,"column":30}},"28":{"start":{"line":29,"column":0},"end":{"line":29,"column":25}},"29":{"start":{"line":30,"column":0},"end":{"line":30,"column":0}},"30":{"start":{"line":31,"column":0},"end":{"line":31,"column":30}},"31":{"start":{"line":32,"column":0},"end":{"line":32,"column":30}},"32":{"start":{"line":33,"column":0},"end":{"line":33,"column":1}}},"s":{"0":1,"1":1,"2":1,"3":1,"4":1,"5":1,"6":1,"7":1,"8":1,"9":1,"10":1,"11":1,"12":1,"13":1,"14":1,"15":1,"16":1,"17":1,"18":1,"19":1,"20":1,"21":1,"22":1,"23":1,"24":1,"25":1,"26":1,"27":1,"28":1,"29":1,"30":1,"31":1,"32":1},"branchMap":{},"b":{},"fnMap":{},"f":{}}
,"/home/aneuwald/Learning/CursoFullCycle/DDD/app/src/infrastructure/db/sequelize/model/order-item.model.ts": {"path":"/home/aneuwald/Learning/CursoFullCycle/DDD/app/src/infrastructure/db/sequelize/model/order-item.model.ts","all":false,"statementMap":{"0":{"start":{"line":1,"column":0},"end":{"line":1,"column":95}},"1":{"start":{"line":2,"column":0},"end":{"line":2,"column":43}},"2":{"start":{"line":3,"column":0},"end":{"line":3,"column":39}},"3":{"start":{"line":4,"column":0},"end":{"line":4,"column":0}},"4":{"start":{"line":5,"column":0},"end":{"line":5,"column":8}},"5":{"start":{"line":6,"column":0},"end":{"line":6,"column":26}},"6":{"start":{"line":7,"column":0},"end":{"line":7,"column":18}},"7":{"start":{"line":8,"column":0},"end":{"line":8,"column":2}},"8":{"start":{"line":9,"column":0},"end":{"line":9,"column":51}},"9":{"start":{"line":10,"column":0},"end":{"line":10,"column":0}},"10":{"start":{"line":11,"column":0},"end":{"line":11,"column":12}},"11":{"start":{"line":12,"column":0},"end":{"line":12,"column":8}},"12":{"start":{"line":13,"column":0},"end":{"line":13,"column":20}},"13":{"start":{"line":14,"column":0},"end":{"line":14,"column":0}},"14":{"start":{"line":15,"column":0},"end":{"line":15,"column":30}},"15":{"start":{"line":16,"column":0},"end":{"line":16,"column":22}},"16":{"start":{"line":17,"column":0},"end":{"line":17,"column":0}},"17":{"start":{"line":18,"column":0},"end":{"line":18,"column":30}},"18":{"start":{"line":19,"column":0},"end":{"line":19,"column":23}},"19":{"start":{"line":20,"column":0},"end":{"line":20,"column":0}},"20":{"start":{"line":21,"column":0},"end":{"line":21,"column":30}},"21":{"start":{"line":22,"column":0},"end":{"line":22,"column":26}},"22":{"start":{"line":23,"column":0},"end":{"line":23,"column":0}},"23":{"start":{"line":24,"column":0},"end":{"line":24,"column":29}},"24":{"start":{"line":25,"column":0},"end":{"line":25,"column":0}},"25":{"start":{"line":26,"column":0},"end":{"line":26,"column":32}},"26":{"start":{"line":27,"column":0},"end":{"line":27,"column":30}},"27":{"start":{"line":28,"column":0},"end":{"line":28,"column":28}},"28":{"start":{"line":29,"column":0},"end":{"line":29,"column":0}},"29":{"start":{"line":30,"column":0},"end":{"line":30,"column":31}},"30":{"start":{"line":31,"column":0},"end":{"line":31,"column":31}},"31":{"start":{"line":32,"column":0},"end":{"line":32,"column":0}},"32":{"start":{"line":33,"column":0},"end":{"line":33,"column":27}},"33":{"start":{"line":34,"column":0},"end":{"line":34,"column":0}},"34":{"start":{"line":35,"column":0},"end":{"line":35,"column":30}},"35":{"start":{"line":36,"column":0},"end":{"line":36,"column":30}},"36":{"start":{"line":37,"column":0},"end":{"line":37,"column":26}},"37":{"start":{"line":38,"column":0},"end":{"line":38,"column":0}},"38":{"start":{"line":39,"column":0},"end":{"line":39,"column":29}},"39":{"start":{"line":40,"column":0},"end":{"line":40,"column":36}},"40":{"start":{"line":41,"column":0},"end":{"line":41,"column":0}},"41":{"start":{"line":42,"column":0},"end":{"line":42,"column":1}}},"s":{"0":1,"1":1,"2":1,"3":1,"4":1,"5":1,"6":1,"7":1,"8":1,"9":1,"10":1,"11":1,"12":1,"13":1,"14":1,"15":1,"16":1,"17":1,"18":1,"19":1,"20":1,"21":1,"22":1,"23":1,"24":1,"25":1,"26":1,"27":1,"28":1,"29":1,"30":1,"31":1,"32":1,"33":1,"34":1,"35":1,"36":1,"37":1,"38":1,"39":1,"40":1,"41":1},"branchMap":{"0":{"type":"branch","line":31,"loc":{"start":{"line":31,"column":30},"end":{"line":31,"column":31}},"locations":[{"start":{"line":31,"column":30},"end":{"line":31,"column":31}}]},"1":{"type":"branch","line":40,"loc":{"start":{"line":40,"column":16},"end":{"line":40,"column":36}},"locations":[{"start":{"line":40,"column":16},"end":{"line":40,"column":36}}]},"2":{"type":"branch","line":26,"loc":{"start":{"line":26,"column":13},"end":{"line":26,"column":31}},"locations":[{"start":{"line":26,"column":13},"end":{"line":26,"column":31}}]},"3":{"type":"branch","line":30,"loc":{"start":{"line":30,"column":12},"end":{"line":30,"column":30}},"locations":[{"start":{"line":30,"column":12},"end":{"line":30,"column":30}}]},"4":{"type":"branch","line":35,"loc":{"start":{"line":35,"column":13},"end":{"line":35,"column":29}},"locations":[{"start":{"line":35,"column":13},"end":{"line":35,"column":29}}]},"5":{"type":"branch","line":39,"loc":{"start":{"line":39,"column":12},"end":{"line":39,"column":28}},"locations":[{"start":{"line":39,"column":12},"end":{"line":39,"column":28}}]}},"b":{"0":[0],"1":[0],"2":[35],"3":[14],"4":[14],"5":[14]},"fnMap":{},"f":{}}
,"/home/aneuwald/Learning/CursoFullCycle/DDD/app/src/infrastructure/db/sequelize/model/order.model.ts": {"path":"/home/aneuwald/Learning/CursoFullCycle/DDD/app/src/infrastructure/db/sequelize/model/order.model.ts","all":false,"statementMap":{"0":{"start":{"line":1,"column":0},"end":{"line":1,"column":113}},"1":{"start":{"line":2,"column":0},"end":{"line":2,"column":45}},"2":{"start":{"line":3,"column":0},"end":{"line":3,"column":48}},"3":{"start":{"line":4,"column":0},"end":{"line":4,"column":0}},"4":{"start":{"line":5,"column":0},"end":{"line":5,"column":8}},"5":{"start":{"line":6,"column":0},"end":{"line":6,"column":21}},"6":{"start":{"line":7,"column":0},"end":{"line":7,"column":18}},"7":{"start":{"line":8,"column":0},"end":{"line":8,"column":2}},"8":{"start":{"line":9,"column":0},"end":{"line":9,"column":47}},"9":{"start":{"line":10,"column":0},"end":{"line":10,"column":0}},"10":{"start":{"line":11,"column":0},"end":{"line":11,"column":12}},"11":{"start":{"line":12,"column":0},"end":{"line":12,"column":8}},"12":{"start":{"line":13,"column":0},"end":{"line":13,"column":20}},"13":{"start":{"line":14,"column":0},"end":{"line":14,"column":0}},"14":{"start":{"line":15,"column":0},"end":{"line":15,"column":33}},"15":{"start":{"line":16,"column":0},"end":{"line":16,"column":30}},"16":{"start":{"line":17,"column":0},"end":{"line":17,"column":29}},"17":{"start":{"line":18,"column":0},"end":{"line":18,"column":0}},"18":{"start":{"line":19,"column":0},"end":{"line":19,"column":32}},"19":{"start":{"line":20,"column":0},"end":{"line":20,"column":33}},"20":{"start":{"line":21,"column":0},"end":{"line":21,"column":0}},"21":{"start":{"line":22,"column":0},"end":{"line":22,"column":30}},"22":{"start":{"line":23,"column":0},"end":{"line":23,"column":23}},"23":{"start":{"line":24,"column":0},"end":{"line":24,"column":0}},"24":{"start":{"line":25,"column":0},"end":{"line":25,"column":31}},"25":{"start":{"line":26,"column":0},"end":{"line":26,"column":33}},"26":{"start":{"line":27,"column":0},"end":{"line":27,"column":0}},"27":{"start":{"line":28,"column":0},"end":{"line":28,"column":1}}},"s":{"0":1,"1":1,"2":1,"3":1,"4":1,"5":1,"6":1,"7":1,"8":1,"9":1,"10":1,"11":1,"12":1,"13":1,"14":1,"15":1,"16":1,"17":1,"18":1,"19":1,"20":1,"21":1,"22":1,"23":1,"24":1,"25":1,"26":1,"27":1},"branchMap":{"0":{"type":"branch","line":20,"loc":{"start":{"line":20,"column":32},"end":{"line":20,"column":33}},"locations":[{"start":{"line":20,"column":32},"end":{"line":20,"column":33}}]},"1":{"type":"branch","line":15,"loc":{"start":{"line":15,"column":13},"end":{"line":15,"column":32}},"locations":[{"start":{"line":15,"column":13},"end":{"line":15,"column":32}}]},"2":{"type":"branch","line":19,"loc":{"start":{"line":19,"column":12},"end":{"line":19,"column":31}},"locations":[{"start":{"line":19,"column":12},"end":{"line":19,"column":31}}]},"3":{"type":"branch","line":25,"loc":{"start":{"line":25,"column":10},"end":{"line":25,"column":30}},"locations":[{"start":{"line":25,"column":10},"end":{"line":25,"column":30}}]}},"b":{"0":[0],"1":[7],"2":[20],"3":[20]},"fnMap":{},"f":{}}
,"/home/aneuwald/Learning/CursoFullCycle/DDD/app/src/infrastructure/db/sequelize/model/product.model.ts": {"path":"/home/aneuwald/Learning/CursoFullCycle/DDD/app/src/infrastructure/db/sequelize/model/product.model.ts","all":false,"statementMap":{"0":{"start":{"line":1,"column":0},"end":{"line":1,"column":72}},"1":{"start":{"line":2,"column":0},"end":{"line":2,"column":0}},"2":{"start":{"line":3,"column":0},"end":{"line":3,"column":8}},"3":{"start":{"line":4,"column":0},"end":{"line":4,"column":23}},"4":{"start":{"line":5,"column":0},"end":{"line":5,"column":18}},"5":{"start":{"line":6,"column":0},"end":{"line":6,"column":2}},"6":{"start":{"line":7,"column":0},"end":{"line":7,"column":49}},"7":{"start":{"line":8,"column":0},"end":{"line":8,"column":0}},"8":{"start":{"line":9,"column":0},"end":{"line":9,"column":12}},"9":{"start":{"line":10,"column":0},"end":{"line":10,"column":8}},"10":{"start":{"line":11,"column":0},"end":{"line":11,"column":20}},"11":{"start":{"line":12,"column":0},"end":{"line":12,"column":0}},"12":{"start":{"line":13,"column":0},"end":{"line":13,"column":30}},"13":{"start":{"line":14,"column":0},"end":{"line":14,"column":22}},"14":{"start":{"line":15,"column":0},"end":{"line":15,"column":0}},"15":{"start":{"line":16,"column":0},"end":{"line":16,"column":30}},"16":{"start":{"line":17,"column":0},"end":{"line":17,"column":23}},"17":{"start":{"line":18,"column":0},"end":{"line":18,"column":0}},"18":{"start":{"line":19,"column":0},"end":{"line":19,"column":1}}},"s":{"0":1,"1":1,"2":1,"3":1,"4":1,"5":1,"6":1,"7":1,"8":1,"9":1,"10":1,"11":1,"12":1,"13":1,"14":1,"15":1,"16":1,"17":1,"18":1},"branchMap":{},"b":{},"fnMap":{},"f":{}}
,"/home/aneuwald/Learning/CursoFullCycle/DDD/app/src/infrastructure/repository/customer.repository.ts": {"path":"/home/aneuwald/Learning/CursoFullCycle/DDD/app/src/infrastructure/repository/customer.repository.ts","all":false,"statementMap":{"0":{"start":{"line":1,"column":0},"end":{"line":1,"column":50}},"1":{"start":{"line":2,"column":0},"end":{"line":2,"column":52}},"2":{"start":{"line":3,"column":0},"end":{"line":3,"column":96}},"3":{"start":{"line":4,"column":0},"end":{"line":4,"column":65}},"4":{"start":{"line":5,"column":0},"end":{"line":5,"column":0}},"5":{"start":{"line":6,"column":0},"end":{"line":6,"column":80}},"6":{"start":{"line":7,"column":0},"end":{"line":7,"column":0}},"7":{"start":{"line":8,"column":0},"end":{"line":8,"column":77}},"8":{"start":{"line":9,"column":0},"end":{"line":9,"column":69}},"9":{"start":{"line":10,"column":0},"end":{"line":10,"column":119}},"10":{"start":{"line":11,"column":0},"end":{"line":11,"column":30}},"11":{"start":{"line":12,"column":0},"end":{"line":12,"column":29}},"12":{"start":{"line":13,"column":0},"end":{"line":13,"column":22}},"13":{"start":{"line":14,"column":0},"end":{"line":14,"column":3}},"14":{"start":{"line":15,"column":0},"end":{"line":15,"column":54}},"15":{"start":{"line":16,"column":0},"end":{"line":16,"column":17}},"16":{"start":{"line":17,"column":0},"end":{"line":17,"column":0}},"17":{"start":{"line":18,"column":0},"end":{"line":18,"column":2}},"18":{"start":{"line":19,"column":0},"end":{"line":19,"column":0}},"19":{"start":{"line":20,"column":0},"end":{"line":20,"column":48}},"20":{"start":{"line":21,"column":0},"end":{"line":21,"column":30}},"21":{"start":{"line":22,"column":0},"end":{"line":22,"column":17}},"22":{"start":{"line":23,"column":0},"end":{"line":23,"column":21}},"23":{"start":{"line":24,"column":0},"end":{"line":24,"column":33}},"24":{"start":{"line":25,"column":0},"end":{"line":25,"column":33}},"25":{"start":{"line":26,"column":0},"end":{"line":26,"column":29}},"26":{"start":{"line":27,"column":0},"end":{"line":27,"column":41}},"27":{"start":{"line":28,"column":0},"end":{"line":28,"column":27}},"28":{"start":{"line":29,"column":0},"end":{"line":29,"column":36}},"29":{"start":{"line":30,"column":0},"end":{"line":30,"column":4}},"30":{"start":{"line":31,"column":0},"end":{"line":31,"column":2}},"31":{"start":{"line":32,"column":0},"end":{"line":32,"column":0}},"32":{"start":{"line":33,"column":0},"end":{"line":33,"column":39}},"33":{"start":{"line":34,"column":0},"end":{"line":34,"column":54}},"34":{"start":{"line":35,"column":0},"end":{"line":35,"column":92}},"35":{"start":{"line":36,"column":0},"end":{"line":36,"column":2}},"36":{"start":{"line":37,"column":0},"end":{"line":37,"column":0}},"37":{"start":{"line":38,"column":0},"end":{"line":38,"column":55}},"38":{"start":{"line":39,"column":0},"end":{"line":39,"column":70}},"39":{"start":{"line":40,"column":0},"end":{"line":40,"column":0}},"40":{"start":{"line":41,"column":0},"end":{"line":41,"column":23}},"41":{"start":{"line":42,"column":0},"end":{"line":42,"column":14}},"42":{"start":{"line":43,"column":0},"end":{"line":43,"column":3}},"43":{"start":{"line":44,"column":0},"end":{"line":44,"column":0}},"44":{"start":{"line":45,"column":0},"end":{"line":45,"column":55}},"45":{"start":{"line":46,"column":0},"end":{"line":46,"column":0}},"46":{"start":{"line":47,"column":0},"end":{"line":47,"column":2}},"47":{"start":{"line":48,"column":0},"end":{"line":48,"column":0}},"48":{"start":{"line":49,"column":0},"end":{"line":49,"column":0}},"49":{"start":{"line":50,"column":0},"end":{"line":50,"column":48}},"50":{"start":{"line":51,"column":0},"end":{"line":51,"column":30}},"51":{"start":{"line":52,"column":0},"end":{"line":52,"column":21}},"52":{"start":{"line":53,"column":0},"end":{"line":53,"column":33}},"53":{"start":{"line":54,"column":0},"end":{"line":54,"column":33}},"54":{"start":{"line":55,"column":0},"end":{"line":55,"column":29}},"55":{"start":{"line":56,"column":0},"end":{"line":56,"column":41}},"56":{"start":{"line":57,"column":0},"end":{"line":57,"column":27}},"57":{"start":{"line":58,"column":0},"end":{"line":58,"column":36}},"58":{"start":{"line":59,"column":0},"end":{"line":59,"column":6}},"59":{"start":{"line":60,"column":0},"end":{"line":60,"column":27}},"60":{"start":{"line":61,"column":0},"end":{"line":61,"column":4}},"61":{"start":{"line":62,"column":0},"end":{"line":62,"column":2}},"62":{"start":{"line":63,"column":0},"end":{"line":63,"column":0}},"63":{"start":{"line":64,"column":0},"end":{"line":64,"column":46}},"64":{"start":{"line":65,"column":0},"end":{"line":65,"column":48}},"65":{"start":{"line":66,"column":0},"end":{"line":66,"column":2}},"66":{"start":{"line":67,"column":0},"end":{"line":67,"column":0}},"67":{"start":{"line":68,"column":0},"end":{"line":68,"column":0}},"68":{"start":{"line":69,"column":0},"end":{"line":69,"column":0}},"69":{"start":{"line":70,"column":0},"end":{"line":70,"column":0}},"70":{"start":{"line":71,"column":0},"end":{"line":71,"column":1}}},"s":{"0":1,"1":1,"2":1,"3":1,"4":1,"5":1,"6":1,"7":1,"8":4,"9":4,"10":4,"11":4,"12":1,"13":1,"14":4,"15":4,"16":4,"17":4,"18":1,"19":1,"20":12,"21":12,"22":12,"23":12,"24":12,"25":12,"26":12,"27":12,"28":12,"29":12,"30":12,"31":1,"32":1,"33":1,"34":1,"35":1,"36":1,"37":1,"38":4,"39":4,"40":4,"41":2,"42":2,"43":2,"44":2,"45":2,"46":2,"47":1,"48":1,"49":1,"50":1,"51":1,"52":1,"53":1,"54":1,"55":1,"56":1,"57":1,"58":1,"59":1,"60":1,"61":1,"62":1,"63":1,"64":1,"65":1,"66":1,"67":1,"68":1,"69":1,"70":1},"branchMap":{"0":{"type":"branch","line":8,"loc":{"start":{"line":8,"column":9},"end":{"line":18,"column":2}},"locations":[{"start":{"line":8,"column":9},"end":{"line":18,"column":2}}]},"1":{"type":"branch","line":12,"loc":{"start":{"line":12,"column":28},"end":{"line":14,"column":3}},"locations":[{"start":{"line":12,"column":28},"end":{"line":14,"column":3}}]},"2":{"type":"branch","line":20,"loc":{"start":{"line":20,"column":1},"end":{"line":31,"column":2}},"locations":[{"start":{"line":20,"column":1},"end":{"line":31,"column":2}}]},"3":{"type":"branch","line":33,"loc":{"start":{"line":33,"column":1},"end":{"line":36,"column":2}},"locations":[{"start":{"line":33,"column":1},"end":{"line":36,"column":2}}]},"4":{"type":"branch","line":35,"loc":{"start":{"line":35,"column":28},"end":{"line":35,"column":92}},"locations":[{"start":{"line":35,"column":28},"end":{"line":35,"column":92}}]},"5":{"type":"branch","line":38,"loc":{"start":{"line":38,"column":1},"end":{"line":47,"column":2}},"locations":[{"start":{"line":38,"column":1},"end":{"line":47,"column":2}}]},"6":{"type":"branch","line":41,"loc":{"start":{"line":41,"column":22},"end":{"line":47,"column":2}},"locations":[{"start":{"line":41,"column":22},"end":{"line":47,"column":2}}]},"7":{"type":"branch","line":50,"loc":{"start":{"line":50,"column":1},"end":{"line":62,"column":2}},"locations":[{"start":{"line":50,"column":1},"end":{"line":62,"column":2}}]},"8":{"type":"branch","line":64,"loc":{"start":{"line":64,"column":1},"end":{"line":66,"column":2}},"locations":[{"start":{"line":64,"column":1},"end":{"line":66,"column":2}}]}},"b":{"0":[4],"1":[1],"2":[12],"3":[1],"4":[2],"5":[4],"6":[2],"7":[1],"8":[1]},"fnMap":{"0":{"name":"constructCustomerFromModel","decl":{"start":{"line":8,"column":9},"end":{"line":18,"column":2}},"loc":{"start":{"line":8,"column":9},"end":{"line":18,"column":2}},"line":8},"1":{"name":"create","decl":{"start":{"line":20,"column":1},"end":{"line":31,"column":2}},"loc":{"start":{"line":20,"column":1},"end":{"line":31,"column":2}},"line":20},"2":{"name":"findAll","decl":{"start":{"line":33,"column":1},"end":{"line":36,"column":2}},"loc":{"start":{"line":33,"column":1},"end":{"line":36,"column":2}},"line":33},"3":{"name":"findById","decl":{"start":{"line":38,"column":1},"end":{"line":47,"column":2}},"loc":{"start":{"line":38,"column":1},"end":{"line":47,"column":2}},"line":38},"4":{"name":"update","decl":{"start":{"line":50,"column":1},"end":{"line":62,"column":2}},"loc":{"start":{"line":50,"column":1},"end":{"line":62,"column":2}},"line":50},"5":{"name":"deleteById","decl":{"start":{"line":64,"column":1},"end":{"line":66,"column":2}},"loc":{"start":{"line":64,"column":1},"end":{"line":66,"column":2}},"line":64}},"f":{"0":4,"1":12,"2":1,"3":4,"4":1,"5":1}}
,"/home/aneuwald/Learning/CursoFullCycle/DDD/app/src/infrastructure/repository/order.repository.ts": {"path":"/home/aneuwald/Learning/CursoFullCycle/DDD/app/src/infrastructure/repository/order.repository.ts","all":false,"statementMap":{"0":{"start":{"line":1,"column":0},"end":{"line":1,"column":52}},"1":{"start":{"line":2,"column":0},"end":{"line":2,"column":46}},"2":{"start":{"line":3,"column":0},"end":{"line":3,"column":55}},"3":{"start":{"line":4,"column":0},"end":{"line":4,"column":90}},"4":{"start":{"line":5,"column":0},"end":{"line":5,"column":65}},"5":{"start":{"line":6,"column":0},"end":{"line":6,"column":68}},"6":{"start":{"line":7,"column":0},"end":{"line":7,"column":59}},"7":{"start":{"line":8,"column":0},"end":{"line":8,"column":0}},"8":{"start":{"line":9,"column":0},"end":{"line":9,"column":74}},"9":{"start":{"line":10,"column":0},"end":{"line":10,"column":0}},"10":{"start":{"line":11,"column":0},"end":{"line":11,"column":65}},"11":{"start":{"line":12,"column":0},"end":{"line":12,"column":19}},"12":{"start":{"line":13,"column":0},"end":{"line":13,"column":17}},"13":{"start":{"line":14,"column":0},"end":{"line":14,"column":26}},"14":{"start":{"line":15,"column":0},"end":{"line":15,"column":112}},"15":{"start":{"line":16,"column":0},"end":{"line":16,"column":3}},"16":{"start":{"line":17,"column":0},"end":{"line":17,"column":2}},"17":{"start":{"line":18,"column":0},"end":{"line":18,"column":0}},"18":{"start":{"line":19,"column":0},"end":{"line":19,"column":45}},"19":{"start":{"line":20,"column":0},"end":{"line":20,"column":27}},"20":{"start":{"line":21,"column":0},"end":{"line":21,"column":17}},"21":{"start":{"line":22,"column":0},"end":{"line":22,"column":34}},"22":{"start":{"line":23,"column":0},"end":{"line":23,"column":23}},"23":{"start":{"line":24,"column":0},"end":{"line":24,"column":39}},"24":{"start":{"line":25,"column":0},"end":{"line":25,"column":16}},"25":{"start":{"line":26,"column":0},"end":{"line":26,"column":20}},"26":{"start":{"line":27,"column":0},"end":{"line":27,"column":22}},"27":{"start":{"line":28,"column":0},"end":{"line":28,"column":31}},"28":{"start":{"line":29,"column":0},"end":{"line":29,"column":28}},"29":{"start":{"line":30,"column":0},"end":{"line":30,"column":21}},"30":{"start":{"line":31,"column":0},"end":{"line":31,"column":6}},"31":{"start":{"line":32,"column":0},"end":{"line":32,"column":6}},"32":{"start":{"line":33,"column":0},"end":{"line":33,"column":13}},"33":{"start":{"line":34,"column":0},"end":{"line":34,"column":29}},"34":{"start":{"line":35,"column":0},"end":{"line":35,"column":4}},"35":{"start":{"line":36,"column":0},"end":{"line":36,"column":4}},"36":{"start":{"line":37,"column":0},"end":{"line":37,"column":2}},"37":{"start":{"line":38,"column":0},"end":{"line":38,"column":0}},"38":{"start":{"line":39,"column":0},"end":{"line":39,"column":0}},"39":{"start":{"line":40,"column":0},"end":{"line":40,"column":36}},"40":{"start":{"line":41,"column":0},"end":{"line":41,"column":70}},"41":{"start":{"line":42,"column":0},"end":{"line":42,"column":80}},"42":{"start":{"line":43,"column":0},"end":{"line":43,"column":2}},"43":{"start":{"line":44,"column":0},"end":{"line":44,"column":0}},"44":{"start":{"line":45,"column":0},"end":{"line":45,"column":52}},"45":{"start":{"line":46,"column":0},"end":{"line":46,"column":0}},"46":{"start":{"line":47,"column":0},"end":{"line":47,"column":84}},"47":{"start":{"line":48,"column":0},"end":{"line":48,"column":0}},"48":{"start":{"line":49,"column":0},"end":{"line":49,"column":20}},"49":{"start":{"line":50,"column":0},"end":{"line":50,"column":14}},"50":{"start":{"line":51,"column":0},"end":{"line":51,"column":3}},"51":{"start":{"line":52,"column":0},"end":{"line":52,"column":0}},"52":{"start":{"line":53,"column":0},"end":{"line":53,"column":49}},"53":{"start":{"line":54,"column":0},"end":{"line":54,"column":0}},"54":{"start":{"line":55,"column":0},"end":{"line":55,"column":2}},"55":{"start":{"line":56,"column":0},"end":{"line":56,"column":0}},"56":{"start":{"line":57,"column":0},"end":{"line":57,"column":40}},"57":{"start":{"line":58,"column":0},"end":{"line":58,"column":69}},"58":{"start":{"line":59,"column":0},"end":{"line":59,"column":2}},"59":{"start":{"line":60,"column":0},"end":{"line":60,"column":0}},"60":{"start":{"line":61,"column":0},"end":{"line":61,"column":46}},"61":{"start":{"line":62,"column":0},"end":{"line":62,"column":45}},"62":{"start":{"line":63,"column":0},"end":{"line":63,"column":2}},"63":{"start":{"line":64,"column":0},"end":{"line":64,"column":0}},"64":{"start":{"line":65,"column":0},"end":{"line":65,"column":1}}},"s":{"0":1,"1":1,"2":1,"3":1,"4":1,"5":1,"6":1,"7":1,"8":1,"9":1,"10":1,"11":3,"12":3,"13":3,"14":3,"15":3,"16":3,"17":1,"18":1,"19":6,"20":6,"21":6,"22":6,"23":6,"24":6,"25":6,"26":6,"27":6,"28":6,"29":6,"30":6,"31":6,"32":6,"33":6,"34":6,"35":6,"36":6,"37":1,"38":1,"39":1,"40":1,"41":1,"42":1,"43":1,"44":1,"45":3,"46":3,"47":3,"48":3,"49":1,"50":1,"51":2,"52":2,"53":2,"54":2,"55":1,"56":1,"57":1,"58":1,"59":1,"60":1,"61":1,"62":1,"63":1,"64":1},"branchMap":{"0":{"type":"branch","line":11,"loc":{"start":{"line":11,"column":9},"end":{"line":17,"column":2}},"locations":[{"start":{"line":11,"column":9},"end":{"line":17,"column":2}}]},"1":{"type":"branch","line":15,"loc":{"start":{"line":15,"column":24},"end":{"line":15,"column":112}},"locations":[{"start":{"line":15,"column":24},"end":{"line":15,"column":112}}]},"2":{"type":"branch","line":19,"loc":{"start":{"line":19,"column":1},"end":{"line":37,"column":2}},"locations":[{"start":{"line":19,"column":1},"end":{"line":37,"column":2}}]},"3":{"type":"branch","line":24,"loc":{"start":{"line":24,"column":27},"end":{"line":31,"column":6}},"locations":[{"start":{"line":24,"column":27},"end":{"line":31,"column":6}}]},"4":{"type":"branch","line":40,"loc":{"start":{"line":40,"column":1},"end":{"line":43,"column":2}},"locations":[{"start":{"line":40,"column":1},"end":{"line":43,"column":2}}]},"5":{"type":"branch","line":42,"loc":{"start":{"line":42,"column":25},"end":{"line":42,"column":80}},"locations":[{"start":{"line":42,"column":25},"end":{"line":42,"column":80}}]},"6":{"type":"branch","line":45,"loc":{"start":{"line":45,"column":1},"end":{"line":55,"column":2}},"locations":[{"start":{"line":45,"column":1},"end":{"line":55,"column":2}}]},"7":{"type":"branch","line":49,"loc":{"start":{"line":49,"column":19},"end":{"line":51,"column":3}},"locations":[{"start":{"line":49,"column":19},"end":{"line":51,"column":3}}]},"8":{"type":"branch","line":51,"loc":{"start":{"line":51,"column":2},"end":{"line":55,"column":2}},"locations":[{"start":{"line":51,"column":2},"end":{"line":55,"column":2}}]},"9":{"type":"branch","line":57,"loc":{"start":{"line":57,"column":1},"end":{"line":59,"column":2}},"locations":[{"start":{"line":57,"column":1},"end":{"line":59,"column":2}}]},"10":{"type":"branch","line":61,"loc":{"start":{"line":61,"column":1},"end":{"line":63,"column":2}},"locations":[{"start":{"line":61,"column":1},"end":{"line":63,"column":2}}]}},"b":{"0":[3],"1":[3],"2":[6],"3":[6],"4":[1],"5":[1],"6":[3],"7":[1],"8":[2],"9":[1],"10":[1]},"fnMap":{"0":{"name":"constructOrderFromModel","decl":{"start":{"line":11,"column":9},"end":{"line":17,"column":2}},"loc":{"start":{"line":11,"column":9},"end":{"line":17,"column":2}},"line":11},"1":{"name":"create","decl":{"start":{"line":19,"column":1},"end":{"line":37,"column":2}},"loc":{"start":{"line":19,"column":1},"end":{"line":37,"column":2}},"line":19},"2":{"name":"findAll","decl":{"start":{"line":40,"column":1},"end":{"line":43,"column":2}},"loc":{"start":{"line":40,"column":1},"end":{"line":43,"column":2}},"line":40},"3":{"name":"findById","decl":{"start":{"line":45,"column":1},"end":{"line":55,"column":2}},"loc":{"start":{"line":45,"column":1},"end":{"line":55,"column":2}},"line":45},"4":{"name":"update","decl":{"start":{"line":57,"column":1},"end":{"line":59,"column":2}},"loc":{"start":{"line":57,"column":1},"end":{"line":59,"column":2}},"line":57},"5":{"name":"deleteById","decl":{"start":{"line":61,"column":1},"end":{"line":63,"column":2}},"loc":{"start":{"line":61,"column":1},"end":{"line":63,"column":2}},"line":61}},"f":{"0":3,"1":6,"2":1,"3":3,"4":1,"5":1}}
,"/home/aneuwald/Learning/CursoFullCycle/DDD/app/src/infrastructure/repository/product.repository.ts": {"path":"/home/aneuwald/Learning/CursoFullCycle/DDD/app/src/infrastructure/repository/product.repository.ts","all":false,"statementMap":{"0":{"start":{"line":1,"column":0},"end":{"line":1,"column":50}},"1":{"start":{"line":2,"column":0},"end":{"line":2,"column":94}},"2":{"start":{"line":3,"column":0},"end":{"line":3,"column":63}},"3":{"start":{"line":4,"column":0},"end":{"line":4,"column":0}},"4":{"start":{"line":5,"column":0},"end":{"line":5,"column":78}},"5":{"start":{"line":6,"column":0},"end":{"line":6,"column":0}},"6":{"start":{"line":7,"column":0},"end":{"line":7,"column":47}},"7":{"start":{"line":8,"column":0},"end":{"line":8,"column":29}},"8":{"start":{"line":9,"column":0},"end":{"line":9,"column":17}},"9":{"start":{"line":10,"column":0},"end":{"line":10,"column":21}},"10":{"start":{"line":11,"column":0},"end":{"line":11,"column":22}},"11":{"start":{"line":12,"column":0},"end":{"line":12,"column":4}},"12":{"start":{"line":13,"column":0},"end":{"line":13,"column":2}},"13":{"start":{"line":14,"column":0},"end":{"line":14,"column":0}},"14":{"start":{"line":15,"column":0},"end":{"line":15,"column":38}},"15":{"start":{"line":16,"column":0},"end":{"line":16,"column":52}},"16":{"start":{"line":17,"column":0},"end":{"line":17,"column":111}},"17":{"start":{"line":18,"column":0},"end":{"line":18,"column":2}},"18":{"start":{"line":19,"column":0},"end":{"line":19,"column":0}},"19":{"start":{"line":20,"column":0},"end":{"line":20,"column":54}},"20":{"start":{"line":21,"column":0},"end":{"line":21,"column":68}},"21":{"start":{"line":22,"column":0},"end":{"line":22,"column":0}},"22":{"start":{"line":23,"column":0},"end":{"line":23,"column":22}},"23":{"start":{"line":24,"column":0},"end":{"line":24,"column":14}},"24":{"start":{"line":25,"column":0},"end":{"line":25,"column":3}},"25":{"start":{"line":26,"column":0},"end":{"line":26,"column":0}},"26":{"start":{"line":27,"column":0},"end":{"line":27,"column":76}},"27":{"start":{"line":28,"column":0},"end":{"line":28,"column":0}},"28":{"start":{"line":29,"column":0},"end":{"line":29,"column":2}},"29":{"start":{"line":30,"column":0},"end":{"line":30,"column":0}},"30":{"start":{"line":31,"column":0},"end":{"line":31,"column":58}},"31":{"start":{"line":32,"column":0},"end":{"line":32,"column":70}},"32":{"start":{"line":33,"column":0},"end":{"line":33,"column":0}},"33":{"start":{"line":34,"column":0},"end":{"line":34,"column":22}},"34":{"start":{"line":35,"column":0},"end":{"line":35,"column":14}},"35":{"start":{"line":36,"column":0},"end":{"line":36,"column":3}},"36":{"start":{"line":37,"column":0},"end":{"line":37,"column":0}},"37":{"start":{"line":38,"column":0},"end":{"line":38,"column":76}},"38":{"start":{"line":39,"column":0},"end":{"line":39,"column":2}},"39":{"start":{"line":40,"column":0},"end":{"line":40,"column":0}},"40":{"start":{"line":41,"column":0},"end":{"line":41,"column":47}},"41":{"start":{"line":42,"column":0},"end":{"line":42,"column":29}},"42":{"start":{"line":43,"column":0},"end":{"line":43,"column":21}},"43":{"start":{"line":44,"column":0},"end":{"line":44,"column":22}},"44":{"start":{"line":45,"column":0},"end":{"line":45,"column":6}},"45":{"start":{"line":46,"column":0},"end":{"line":46,"column":27}},"46":{"start":{"line":47,"column":0},"end":{"line":47,"column":4}},"47":{"start":{"line":48,"column":0},"end":{"line":48,"column":2}},"48":{"start":{"line":49,"column":0},"end":{"line":49,"column":0}},"49":{"start":{"line":50,"column":0},"end":{"line":50,"column":46}},"50":{"start":{"line":51,"column":0},"end":{"line":51,"column":47}},"51":{"start":{"line":52,"column":0},"end":{"line":52,"column":2}},"52":{"start":{"line":53,"column":0},"end":{"line":53,"column":0}},"53":{"start":{"line":54,"column":0},"end":{"line":54,"column":0}},"54":{"start":{"line":55,"column":0},"end":{"line":55,"column":0}},"55":{"start":{"line":56,"column":0},"end":{"line":56,"column":0}},"56":{"start":{"line":57,"column":0},"end":{"line":57,"column":1}}},"s":{"0":1,"1":1,"2":1,"3":1,"4":1,"5":1,"6":1,"7":16,"8":16,"9":16,"10":16,"11":16,"12":16,"13":1,"14":1,"15":1,"16":1,"17":1,"18":1,"19":1,"20":4,"21":4,"22":4,"23":2,"24":2,"25":2,"26":2,"27":2,"28":2,"29":1,"30":1,"31":2,"32":2,"33":2,"34":1,"35":1,"36":1,"37":1,"38":1,"39":1,"40":1,"41":1,"42":1,"43":1,"44":1,"45":1,"46":1,"47":1,"48":1,"49":1,"50":1,"51":1,"52":1,"53":1,"54":1,"55":1,"56":1},"branchMap":{"0":{"type":"branch","line":7,"loc":{"start":{"line":7,"column":1},"end":{"line":13,"column":2}},"locations":[{"start":{"line":7,"column":1},"end":{"line":13,"column":2}}]},"1":{"type":"branch","line":15,"loc":{"start":{"line":15,"column":1},"end":{"line":18,"column":2}},"locations":[{"start":{"line":15,"column":1},"end":{"line":18,"column":2}}]},"2":{"type":"branch","line":17,"loc":{"start":{"line":17,"column":27},"end":{"line":17,"column":111}},"locations":[{"start":{"line":17,"column":27},"end":{"line":17,"column":111}}]},"3":{"type":"branch","line":20,"loc":{"start":{"line":20,"column":1},"end":{"line":29,"column":2}},"locations":[{"start":{"line":20,"column":1},"end":{"line":29,"column":2}}]},"4":{"type":"branch","line":23,"loc":{"start":{"line":23,"column":21},"end":{"line":29,"column":2}},"locations":[{"start":{"line":23,"column":21},"end":{"line":29,"column":2}}]},"5":{"type":"branch","line":31,"loc":{"start":{"line":31,"column":1},"end":{"line":39,"column":2}},"locations":[{"start":{"line":31,"column":1},"end":{"line":39,"column":2}}]},"6":{"type":"branch","line":34,"loc":{"start":{"line":34,"column":21},"end":{"line":39,"column":2}},"locations":[{"start":{"line":34,"column":21},"end":{"line":39,"column":2}}]},"7":{"type":"branch","line":41,"loc":{"start":{"line":41,"column":1},"end":{"line":48,"column":2}},"locations":[{"start":{"line":41,"column":1},"end":{"line":48,"column":2}}]},"8":{"type":"branch","line":50,"loc":{"start":{"line":50,"column":1},"end":{"line":52,"column":2}},"locations":[{"start":{"line":50,"column":1},"end":{"line":52,"column":2}}]}},"b":{"0":[16],"1":[1],"2":[2],"3":[4],"4":[2],"5":[2],"6":[1],"7":[1],"8":[1]},"fnMap":{"0":{"name":"create","decl":{"start":{"line":7,"column":1},"end":{"line":13,"column":2}},"loc":{"start":{"line":7,"column":1},"end":{"line":13,"column":2}},"line":7},"1":{"name":"findAll","decl":{"start":{"line":15,"column":1},"end":{"line":18,"column":2}},"loc":{"start":{"line":15,"column":1},"end":{"line":18,"column":2}},"line":15},"2":{"name":"findById","decl":{"start":{"line":20,"column":1},"end":{"line":29,"column":2}},"loc":{"start":{"line":20,"column":1},"end":{"line":29,"column":2}},"line":20},"3":{"name":"findByName","decl":{"start":{"line":31,"column":1},"end":{"line":39,"column":2}},"loc":{"start":{"line":31,"column":1},"end":{"line":39,"column":2}},"line":31},"4":{"name":"update","decl":{"start":{"line":41,"column":1},"end":{"line":48,"column":2}},"loc":{"start":{"line":41,"column":1},"end":{"line":48,"column":2}},"line":41},"5":{"name":"deleteById","decl":{"start":{"line":50,"column":1},"end":{"line":52,"column":2}},"loc":{"start":{"line":50,"column":1},"end":{"line":52,"column":2}},"line":50}},"f":{"0":16,"1":1,"2":4,"3":2,"4":1,"5":1}}
}
