TN:
SF:src/domain/entity/address.ts
FN:1,<instance_members_initializer>
FN:8,Address
FN:17,validate
FN:32,get street
FN:36,get number
FN:40,get postalCode
FN:44,get city
FNF:7
FNH:7
FNDA:24,<instance_members_initializer>
FNDA:24,Address
FNDA:24,validate
FNDA:15,get street
FNDA:15,get number
FNDA:15,get postalCode
FNDA:15,get city
DA:1,1
DA:2,24
DA:3,24
DA:4,24
DA:5,24
DA:6,24
DA:7,24
DA:8,24
DA:9,24
DA:10,24
DA:11,24
DA:12,24
DA:13,24
DA:14,24
DA:15,24
DA:16,24
DA:17,24
DA:18,24
DA:19,1
DA:20,1
DA:21,24
DA:22,1
DA:23,1
DA:24,24
DA:25,1
DA:26,1
DA:27,24
DA:28,1
DA:29,1
DA:30,24
DA:31,24
DA:32,24
DA:33,15
DA:34,15
DA:35,24
DA:36,24
DA:37,15
DA:38,15
DA:39,24
DA:40,24
DA:41,15
DA:42,15
DA:43,24
DA:44,24
DA:45,15
DA:46,15
DA:47,24
DA:48,24
LF:48
LH:48
BRDA:1,0,0,24
BRDA:8,1,0,24
BRDA:17,2,0,24
BRDA:18,3,0,1
BRDA:20,4,0,23
BRDA:21,5,0,1
BRDA:23,6,0,22
BRDA:24,7,0,1
BRDA:26,8,0,21
BRDA:27,9,0,1
BRDA:32,10,0,15
BRDA:36,11,0,15
BRDA:40,12,0,15
BRDA:44,13,0,15
BRF:14
BRH:14
end_of_record
TN:
SF:src/domain/entity/customer.ts
FN:3,<instance_members_initializer>
FN:10,Customer
FN:16,validate
FN:25,changeName
FN:30,setAddress
FN:34,addRewardPoints
FN:38,activate
FN:45,deactivate
FN:49,get id
FN:53,get name
FN:57,get address
FN:61,get isActive
FN:65,get rewardPoints
FNF:13
FNH:13
FNDA:27,<instance_members_initializer>
FNDA:27,Customer
FNDA:30,validate
FNDA:3,changeName
FNDA:19,setAddress
FNDA:8,addRewardPoints
FNDA:5,activate
FNDA:2,deactivate
FNDA:26,get id
FNDA:18,get name
FNDA:61,get address
FNDA:17,get isActive
FNDA:19,get rewardPoints
DA:1,1
DA:2,1
DA:3,1
DA:4,27
DA:5,27
DA:6,27
DA:7,27
DA:8,27
DA:9,27
DA:10,27
DA:11,27
DA:12,27
DA:13,27
DA:14,27
DA:15,27
DA:16,27
DA:17,30
DA:18,1
DA:19,1
DA:20,30
DA:21,2
DA:22,2
DA:23,30
DA:24,27
DA:25,27
DA:26,3
DA:27,3
DA:28,3
DA:29,27
DA:30,27
DA:31,19
DA:32,19
DA:33,27
DA:34,27
DA:35,8
DA:36,8
DA:37,27
DA:38,27
DA:39,5
DA:40,1
DA:41,1
DA:42,4
DA:43,4
DA:44,27
DA:45,27
DA:46,2
DA:47,2
DA:48,27
DA:49,27
DA:50,26
DA:51,26
DA:52,27
DA:53,27
DA:54,18
DA:55,18
DA:56,27
DA:57,27
DA:58,61
DA:59,61
DA:60,27
DA:61,27
DA:62,17
DA:63,17
DA:64,27
DA:65,27
DA:66,19
DA:67,19
DA:68,27
DA:69,27
DA:70,27
DA:71,27
DA:72,27
LF:72
LH:72
BRDA:3,0,0,27
BRDA:10,1,0,27
BRDA:16,2,0,30
BRDA:17,3,0,1
BRDA:19,4,0,29
BRDA:20,5,0,2
BRDA:25,6,0,3
BRDA:30,7,0,19
BRDA:34,8,0,8
BRDA:38,9,0,5
BRDA:39,10,0,4
BRDA:39,11,0,1
BRDA:45,12,0,2
BRDA:49,13,0,26
BRDA:53,14,0,18
BRDA:57,15,0,61
BRDA:61,16,0,17
BRDA:65,17,0,19
BRF:18
BRH:18
end_of_record
TN:
SF:src/domain/entity/order-item.ts
FN:1,<instance_members_initializer>
FN:8,OrderItem
FN:17,validate
FN:35,get id
FN:39,get name
FN:43,get price
FN:47,get quantity
FN:51,get productId
FN:55,orderItemTotalPrice
FNF:9
FNH:9
FNDA:25,<instance_members_initializer>
FNDA:25,OrderItem
FNDA:25,validate
FNDA:14,get id
FNDA:8,get name
FNDA:8,get price
FNDA:8,get quantity
FNDA:7,get productId
FNDA:21,orderItemTotalPrice
DA:1,1
DA:2,25
DA:3,25
DA:4,25
DA:5,25
DA:6,25
DA:7,25
DA:8,25
DA:9,25
DA:10,25
DA:11,25
DA:12,25
DA:13,25
DA:14,25
DA:15,25
DA:16,25
DA:17,25
DA:18,25
DA:19,1
DA:20,1
DA:21,25
DA:22,1
DA:23,1
DA:24,25
DA:25,1
DA:26,1
DA:27,25
DA:28,1
DA:29,1
DA:30,25
DA:31,1
DA:32,1
DA:33,25
DA:34,25
DA:35,25
DA:36,14
DA:37,14
DA:38,25
DA:39,25
DA:40,8
DA:41,8
DA:42,25
DA:43,25
DA:44,8
DA:45,8
DA:46,25
DA:47,25
DA:48,8
DA:49,8
DA:50,25
DA:51,25
DA:52,7
DA:53,7
DA:54,25
DA:55,25
DA:56,21
DA:57,21
DA:58,25
DA:59,25
LF:59
LH:59
BRDA:1,0,0,25
BRDA:8,1,0,25
BRDA:17,2,0,25
BRDA:18,3,0,1
BRDA:20,4,0,24
BRDA:21,5,0,1
BRDA:23,6,0,23
BRDA:24,7,0,1
BRDA:26,8,0,22
BRDA:27,9,0,1
BRDA:29,10,0,21
BRDA:30,11,0,1
BRDA:35,12,0,14
BRDA:39,13,0,8
BRDA:43,14,0,8
BRDA:47,15,0,8
BRDA:51,16,0,7
BRDA:55,17,0,21
BRF:18
BRH:18
end_of_record
TN:
SF:src/domain/entity/order.ts
FN:3,<instance_members_initializer>
FN:10,Order
FN:18,validate
FN:30,calculateTotal
FN:34,get id
FN:38,get customerId
FN:42,get items
FN:46,get total
FNF:8
FNH:8
FNDA:17,<instance_members_initializer>
FNDA:17,Order
FNDA:17,validate
FNDA:17,calculateTotal
FNDA:14,get id
FNDA:6,get customerId
FNDA:6,get items
FNDA:12,get total
DA:1,1
DA:2,1
DA:3,1
DA:4,17
DA:5,17
DA:6,17
DA:7,17
DA:8,17
DA:9,17
DA:10,17
DA:11,17
DA:12,17
DA:13,17
DA:14,17
DA:15,17
DA:16,17
DA:17,17
DA:18,17
DA:19,17
DA:20,1
DA:21,1
DA:22,17
DA:23,1
DA:24,1
DA:25,17
DA:26,1
DA:27,1
DA:28,17
DA:29,17
DA:30,17
DA:31,17
DA:32,17
DA:33,17
DA:34,17
DA:35,14
DA:36,14
DA:37,17
DA:38,17
DA:39,6
DA:40,6
DA:41,17
DA:42,17
DA:43,6
DA:44,6
DA:45,17
DA:46,17
DA:47,12
DA:48,12
DA:49,17
DA:50,17
LF:50
LH:50
BRDA:3,0,0,17
BRDA:10,1,0,17
BRDA:18,2,0,17
BRDA:19,3,0,1
BRDA:21,4,0,16
BRDA:22,5,0,1
BRDA:24,6,0,15
BRDA:25,7,0,1
BRDA:30,8,0,17
BRDA:31,9,0,20
BRDA:34,10,0,14
BRDA:38,11,0,6
BRDA:42,12,0,6
BRDA:46,13,0,12
BRF:14
BRH:14
end_of_record
TN:
SF:src/domain/entity/product.ts
FN:1,<instance_members_initializer>
FN:7,Product
FN:14,validate
FN:26,changeName
FN:31,changePrice
FN:37,get id
FN:41,get name
FN:45,get price
FNF:8
FNH:8
FNDA:29,<instance_members_initializer>
FNDA:29,Product
FNDA:34,validate
FNDA:1,changeName
FNDA:4,changePrice
FNDA:30,get id
FNDA:26,get name
FNDA:32,get price
DA:1,1
DA:2,29
DA:3,29
DA:4,29
DA:5,29
DA:6,29
DA:7,29
DA:8,29
DA:9,29
DA:10,29
DA:11,29
DA:12,29
DA:13,29
DA:14,29
DA:15,34
DA:16,1
DA:17,1
DA:18,34
DA:19,1
DA:20,1
DA:21,34
DA:22,1
DA:23,1
DA:24,34
DA:25,29
DA:26,29
DA:27,1
DA:28,1
DA:29,1
DA:30,29
DA:31,29
DA:32,4
DA:33,4
DA:34,4
DA:35,29
DA:36,29
DA:37,29
DA:38,30
DA:39,30
DA:40,29
DA:41,29
DA:42,26
DA:43,26
DA:44,29
DA:45,29
DA:46,32
DA:47,32
DA:48,29
DA:49,29
LF:49
LH:49
BRDA:1,0,0,29
BRDA:7,1,0,29
BRDA:14,2,0,34
BRDA:15,3,0,1
BRDA:17,4,0,33
BRDA:18,5,0,1
BRDA:20,6,0,32
BRDA:21,7,0,1
BRDA:26,8,0,1
BRDA:31,9,0,4
BRDA:37,10,0,30
BRDA:41,11,0,26
BRDA:45,12,0,32
BRF:13
BRH:13
end_of_record
TN:
SF:src/domain/service/order.service.ts
FN:8,getTotal
FN:16,placeOrder
FNF:2
FNH:2
FNDA:1,getTotal
FNDA:2,placeOrder
DA:1,1
DA:2,1
DA:3,1
DA:4,1
DA:5,1
DA:6,1
DA:7,1
DA:8,1
DA:9,1
DA:10,1
DA:11,2
DA:12,2
DA:13,1
DA:14,1
DA:15,1
DA:16,1
DA:17,2
DA:18,2
DA:19,1
DA:20,1
DA:21,1
DA:22,1
DA:23,1
DA:24,1
DA:25,1
DA:26,1
DA:27,1
LF:27
LH:27
BRDA:8,0,0,1
BRDA:10,1,0,2
BRDA:16,2,0,2
BRDA:18,3,0,1
BRF:4
BRH:4
end_of_record
TN:
SF:src/domain/service/product.service.ts
FN:5,increasePrice
FNF:1
FNH:1
FNDA:1,increasePrice
DA:1,1
DA:2,1
DA:3,1
DA:4,1
DA:5,1
DA:6,1
DA:7,2
DA:8,2
DA:9,1
DA:10,1
DA:11,1
LF:11
LH:11
BRDA:5,0,0,1
BRDA:6,1,0,2
BRF:2
BRH:2
end_of_record
TN:
SF:src/infrastructure/db/sequelize/model/customer.model.ts
FNF:0
FNH:0
DA:1,1
DA:2,1
DA:3,1
DA:4,1
DA:5,1
DA:6,1
DA:7,1
DA:8,1
DA:9,1
DA:10,1
DA:11,1
DA:12,1
DA:13,1
DA:14,1
DA:15,1
DA:16,1
DA:17,1
DA:18,1
DA:19,1
DA:20,1
DA:21,1
DA:22,1
DA:23,1
DA:24,1
DA:25,1
DA:26,1
DA:27,1
DA:28,1
DA:29,1
DA:30,1
DA:31,1
DA:32,1
DA:33,1
LF:33
LH:33
BRF:0
BRH:0
end_of_record
TN:
SF:src/infrastructure/db/sequelize/model/order-item.model.ts
FNF:0
FNH:0
DA:1,1
DA:2,1
DA:3,1
DA:4,1
DA:5,1
DA:6,1
DA:7,1
DA:8,1
DA:9,1
DA:10,1
DA:11,1
DA:12,1
DA:13,1
DA:14,1
DA:15,1
DA:16,1
DA:17,1
DA:18,1
DA:19,1
DA:20,1
DA:21,1
DA:22,1
DA:23,1
DA:24,1
DA:25,1
DA:26,1
DA:27,1
DA:28,1
DA:29,1
DA:30,1
DA:31,1
DA:32,1
DA:33,1
DA:34,1
DA:35,1
DA:36,1
DA:37,1
DA:38,1
DA:39,1
DA:40,1
DA:41,1
DA:42,1
LF:42
LH:42
BRDA:31,0,0,0
BRDA:40,1,0,0
BRDA:26,2,0,35
BRDA:30,3,0,14
BRDA:35,4,0,14
BRDA:39,5,0,14
BRF:6
BRH:4
end_of_record
TN:
SF:src/infrastructure/db/sequelize/model/order.model.ts
FNF:0
FNH:0
DA:1,1
DA:2,1
DA:3,1
DA:4,1
DA:5,1
DA:6,1
DA:7,1
DA:8,1
DA:9,1
DA:10,1
DA:11,1
DA:12,1
DA:13,1
DA:14,1
DA:15,1
DA:16,1
DA:17,1
DA:18,1
DA:19,1
DA:20,1
DA:21,1
DA:22,1
DA:23,1
DA:24,1
DA:25,1
DA:26,1
DA:27,1
DA:28,1
LF:28
LH:28
BRDA:20,0,0,0
BRDA:15,1,0,7
BRDA:19,2,0,20
BRDA:25,3,0,20
BRF:4
BRH:3
end_of_record
TN:
SF:src/infrastructure/db/sequelize/model/product.model.ts
FNF:0
FNH:0
DA:1,1
DA:2,1
DA:3,1
DA:4,1
DA:5,1
DA:6,1
DA:7,1
DA:8,1
DA:9,1
DA:10,1
DA:11,1
DA:12,1
DA:13,1
DA:14,1
DA:15,1
DA:16,1
DA:17,1
DA:18,1
DA:19,1
LF:19
LH:19
BRF:0
BRH:0
end_of_record
TN:
SF:src/infrastructure/repository/customer.repository.ts
FN:8,constructCustomerFromModel
FN:20,create
FN:33,findAll
FN:38,findById
FN:50,update
FN:64,deleteById
FNF:6
FNH:6
FNDA:4,constructCustomerFromModel
FNDA:12,create
FNDA:1,findAll
FNDA:4,findById
FNDA:1,update
FNDA:1,deleteById
DA:1,1
DA:2,1
DA:3,1
DA:4,1
DA:5,1
DA:6,1
DA:7,1
DA:8,1
DA:9,4
DA:10,4
DA:11,4
DA:12,4
DA:13,1
DA:14,1
DA:15,4
DA:16,4
DA:17,4
DA:18,4
DA:19,1
DA:20,1
DA:21,12
DA:22,12
DA:23,12
DA:24,12
DA:25,12
DA:26,12
DA:27,12
DA:28,12
DA:29,12
DA:30,12
DA:31,12
DA:32,1
DA:33,1
DA:34,1
DA:35,1
DA:36,1
DA:37,1
DA:38,1
DA:39,4
DA:40,4
DA:41,4
DA:42,2
DA:43,2
DA:44,2
DA:45,2
DA:46,2
DA:47,2
DA:48,1
DA:49,1
DA:50,1
DA:51,1
DA:52,1
DA:53,1
DA:54,1
DA:55,1
DA:56,1
DA:57,1
DA:58,1
DA:59,1
DA:60,1
DA:61,1
DA:62,1
DA:63,1
DA:64,1
DA:65,1
DA:66,1
DA:67,1
DA:68,1
DA:69,1
DA:70,1
DA:71,1
LF:71
LH:71
BRDA:8,0,0,4
BRDA:12,1,0,1
BRDA:20,2,0,12
BRDA:33,3,0,1
BRDA:35,4,0,2
BRDA:38,5,0,4
BRDA:41,6,0,2
BRDA:50,7,0,1
BRDA:64,8,0,1
BRF:9
BRH:9
end_of_record
TN:
SF:src/infrastructure/repository/order.repository.ts
FN:11,constructOrderFromModel
FN:19,create
FN:40,findAll
FN:45,findById
FN:57,update
FN:61,deleteById
FNF:6
FNH:6
FNDA:3,constructOrderFromModel
FNDA:6,create
FNDA:1,findAll
FNDA:3,findById
FNDA:1,update
FNDA:1,deleteById
DA:1,1
DA:2,1
DA:3,1
DA:4,1
DA:5,1
DA:6,1
DA:7,1
DA:8,1
DA:9,1
DA:10,1
DA:11,1
DA:12,3
DA:13,3
DA:14,3
DA:15,3
DA:16,3
DA:17,3
DA:18,1
DA:19,1
DA:20,6
DA:21,6
DA:22,6
DA:23,6
DA:24,6
DA:25,6
DA:26,6
DA:27,6
DA:28,6
DA:29,6
DA:30,6
DA:31,6
DA:32,6
DA:33,6
DA:34,6
DA:35,6
DA:36,6
DA:37,6
DA:38,1
DA:39,1
DA:40,1
DA:41,1
DA:42,1
DA:43,1
DA:44,1
DA:45,1
DA:46,3
DA:47,3
DA:48,3
DA:49,3
DA:50,1
DA:51,1
DA:52,2
DA:53,2
DA:54,2
DA:55,2
DA:56,1
DA:57,1
DA:58,1
DA:59,1
DA:60,1
DA:61,1
DA:62,1
DA:63,1
DA:64,1
DA:65,1
LF:65
LH:65
BRDA:11,0,0,3
BRDA:15,1,0,3
BRDA:19,2,0,6
BRDA:24,3,0,6
BRDA:40,4,0,1
BRDA:42,5,0,1
BRDA:45,6,0,3
BRDA:49,7,0,1
BRDA:51,8,0,2
BRDA:57,9,0,1
BRDA:61,10,0,1
BRF:11
BRH:11
end_of_record
TN:
SF:src/infrastructure/repository/product.repository.ts
FN:7,create
FN:15,findAll
FN:20,findById
FN:31,findByName
FN:41,update
FN:50,deleteById
FNF:6
FNH:6
FNDA:16,create
FNDA:1,findAll
FNDA:4,findById
FNDA:2,findByName
FNDA:1,update
FNDA:1,deleteById
DA:1,1
DA:2,1
DA:3,1
DA:4,1
DA:5,1
DA:6,1
DA:7,1
DA:8,16
DA:9,16
DA:10,16
DA:11,16
DA:12,16
DA:13,16
DA:14,1
DA:15,1
DA:16,1
DA:17,1
DA:18,1
DA:19,1
DA:20,1
DA:21,4
DA:22,4
DA:23,4
DA:24,2
DA:25,2
DA:26,2
DA:27,2
DA:28,2
DA:29,2
DA:30,1
DA:31,1
DA:32,2
DA:33,2
DA:34,2
DA:35,1
DA:36,1
DA:37,1
DA:38,1
DA:39,1
DA:40,1
DA:41,1
DA:42,1
DA:43,1
DA:44,1
DA:45,1
DA:46,1
DA:47,1
DA:48,1
DA:49,1
DA:50,1
DA:51,1
DA:52,1
DA:53,1
DA:54,1
DA:55,1
DA:56,1
DA:57,1
LF:57
LH:57
BRDA:7,0,0,16
BRDA:15,1,0,1
BRDA:17,2,0,2
BRDA:20,3,0,4
BRDA:23,4,0,2
BRDA:31,5,0,2
BRDA:34,6,0,1
BRDA:41,7,0,1
BRDA:50,8,0,1
BRF:9
BRH:9
end_of_record
